{"/workspace/config.ts": {"path":"/workspace/config.ts","all":false,"statementMap":{"31":{"start":{"line":32,"column":0},"end":{"line":32,"column":46}},"32":{"start":{"line":33,"column":0},"end":{"line":33,"column":26}},"33":{"start":{"line":34,"column":0},"end":{"line":34,"column":25}},"34":{"start":{"line":35,"column":0},"end":{"line":35,"column":24}},"35":{"start":{"line":36,"column":0},"end":{"line":36,"column":20}},"36":{"start":{"line":37,"column":0},"end":{"line":37,"column":15}},"37":{"start":{"line":38,"column":0},"end":{"line":38,"column":2}},"42":{"start":{"line":43,"column":0},"end":{"line":43,"column":57}},"43":{"start":{"line":44,"column":0},"end":{"line":44,"column":67}},"44":{"start":{"line":45,"column":0},"end":{"line":45,"column":42}},"45":{"start":{"line":46,"column":0},"end":{"line":46,"column":74}},"46":{"start":{"line":47,"column":0},"end":{"line":47,"column":1}},"51":{"start":{"line":52,"column":0},"end":{"line":52,"column":36}},"53":{"start":{"line":54,"column":0},"end":{"line":54,"column":86}},"54":{"start":{"line":55,"column":0},"end":{"line":55,"column":99}},"57":{"start":{"line":58,"column":0},"end":{"line":58,"column":41}},"60":{"start":{"line":61,"column":0},"end":{"line":61,"column":45}},"63":{"start":{"line":64,"column":0},"end":{"line":64,"column":58}},"66":{"start":{"line":67,"column":0},"end":{"line":67,"column":46}},"67":{"start":{"line":68,"column":0},"end":{"line":68,"column":46}},"70":{"start":{"line":71,"column":0},"end":{"line":71,"column":82}},"71":{"start":{"line":72,"column":0},"end":{"line":72,"column":78}},"72":{"start":{"line":73,"column":0},"end":{"line":73,"column":2}},"77":{"start":{"line":78,"column":0},"end":{"line":78,"column":48}},"78":{"start":{"line":79,"column":0},"end":{"line":79,"column":32}},"79":{"start":{"line":80,"column":0},"end":{"line":80,"column":1}},"84":{"start":{"line":85,"column":0},"end":{"line":85,"column":46}},"85":{"start":{"line":86,"column":0},"end":{"line":86,"column":30}},"86":{"start":{"line":87,"column":0},"end":{"line":87,"column":1}},"91":{"start":{"line":92,"column":0},"end":{"line":92,"column":42}},"92":{"start":{"line":93,"column":0},"end":{"line":93,"column":43}},"93":{"start":{"line":94,"column":0},"end":{"line":94,"column":1}},"98":{"start":{"line":99,"column":0},"end":{"line":99,"column":41}},"99":{"start":{"line":100,"column":0},"end":{"line":100,"column":42}},"100":{"start":{"line":101,"column":0},"end":{"line":101,"column":1}},"105":{"start":{"line":106,"column":0},"end":{"line":106,"column":40}},"106":{"start":{"line":107,"column":0},"end":{"line":107,"column":33}},"107":{"start":{"line":108,"column":0},"end":{"line":108,"column":1}},"112":{"start":{"line":113,"column":0},"end":{"line":113,"column":40}},"113":{"start":{"line":114,"column":0},"end":{"line":114,"column":30}},"115":{"start":{"line":116,"column":0},"end":{"line":116,"column":69}},"116":{"start":{"line":117,"column":0},"end":{"line":117,"column":63}},"117":{"start":{"line":118,"column":0},"end":{"line":118,"column":3}},"119":{"start":{"line":120,"column":0},"end":{"line":120,"column":55}},"120":{"start":{"line":121,"column":0},"end":{"line":121,"column":69}},"121":{"start":{"line":122,"column":0},"end":{"line":122,"column":3}},"123":{"start":{"line":124,"column":0},"end":{"line":124,"column":55}},"124":{"start":{"line":125,"column":0},"end":{"line":125,"column":69}},"125":{"start":{"line":126,"column":0},"end":{"line":126,"column":3}},"127":{"start":{"line":128,"column":0},"end":{"line":128,"column":26}},"128":{"start":{"line":129,"column":0},"end":{"line":129,"column":78}},"129":{"start":{"line":130,"column":0},"end":{"line":130,"column":3}},"130":{"start":{"line":131,"column":0},"end":{"line":131,"column":1}}},"s":{"31":1,"32":1,"33":1,"34":1,"35":1,"36":1,"37":1,"42":2,"43":2,"44":0,"45":2,"46":2,"51":1,"53":1,"54":1,"57":1,"60":1,"63":1,"66":1,"67":1,"70":1,"71":1,"72":1,"77":1,"78":1,"79":1,"84":1,"85":1,"86":1,"91":1,"92":1,"93":1,"98":1,"99":1,"100":1,"105":1,"106":1,"107":1,"112":1,"113":1,"115":1,"116":0,"117":0,"119":1,"120":0,"121":0,"123":1,"124":0,"125":0,"127":1,"128":0,"129":0,"130":1},"branchMap":{"0":{"type":"branch","line":54,"loc":{"start":{"line":54,"column":31},"end":{"line":54,"column":86}},"locations":[{"start":{"line":54,"column":31},"end":{"line":54,"column":86}}]},"1":{"type":"branch","line":55,"loc":{"start":{"line":55,"column":73},"end":{"line":55,"column":99}},"locations":[{"start":{"line":55,"column":73},"end":{"line":55,"column":99}}]},"2":{"type":"branch","line":71,"loc":{"start":{"line":71,"column":61},"end":{"line":71,"column":82}},"locations":[{"start":{"line":71,"column":61},"end":{"line":71,"column":82}}]},"3":{"type":"branch","line":72,"loc":{"start":{"line":72,"column":62},"end":{"line":72,"column":78}},"locations":[{"start":{"line":72,"column":62},"end":{"line":72,"column":78}}]},"4":{"type":"branch","line":43,"loc":{"start":{"line":43,"column":0},"end":{"line":47,"column":1}},"locations":[{"start":{"line":43,"column":0},"end":{"line":47,"column":1}}]},"5":{"type":"branch","line":44,"loc":{"start":{"line":44,"column":43},"end":{"line":44,"column":67}},"locations":[{"start":{"line":44,"column":43},"end":{"line":44,"column":67}}]},"6":{"type":"branch","line":44,"loc":{"start":{"line":44,"column":62},"end":{"line":46,"column":69}},"locations":[{"start":{"line":44,"column":62},"end":{"line":46,"column":69}}]},"7":{"type":"branch","line":46,"loc":{"start":{"line":46,"column":61},"end":{"line":46,"column":74}},"locations":[{"start":{"line":46,"column":61},"end":{"line":46,"column":74}}]},"8":{"type":"branch","line":78,"loc":{"start":{"line":78,"column":7},"end":{"line":80,"column":1}},"locations":[{"start":{"line":78,"column":7},"end":{"line":80,"column":1}}]},"9":{"type":"branch","line":85,"loc":{"start":{"line":85,"column":7},"end":{"line":87,"column":1}},"locations":[{"start":{"line":85,"column":7},"end":{"line":87,"column":1}}]},"10":{"type":"branch","line":92,"loc":{"start":{"line":92,"column":7},"end":{"line":94,"column":1}},"locations":[{"start":{"line":92,"column":7},"end":{"line":94,"column":1}}]},"11":{"type":"branch","line":99,"loc":{"start":{"line":99,"column":7},"end":{"line":101,"column":1}},"locations":[{"start":{"line":99,"column":7},"end":{"line":101,"column":1}}]},"12":{"type":"branch","line":106,"loc":{"start":{"line":106,"column":7},"end":{"line":108,"column":1}},"locations":[{"start":{"line":106,"column":7},"end":{"line":108,"column":1}}]},"13":{"type":"branch","line":113,"loc":{"start":{"line":113,"column":7},"end":{"line":131,"column":1}},"locations":[{"start":{"line":113,"column":7},"end":{"line":131,"column":1}}]},"14":{"type":"branch","line":116,"loc":{"start":{"line":116,"column":68},"end":{"line":118,"column":3}},"locations":[{"start":{"line":116,"column":68},"end":{"line":118,"column":3}}]},"15":{"type":"branch","line":120,"loc":{"start":{"line":120,"column":13},"end":{"line":120,"column":54}},"locations":[{"start":{"line":120,"column":13},"end":{"line":120,"column":54}}]},"16":{"type":"branch","line":120,"loc":{"start":{"line":120,"column":54},"end":{"line":122,"column":3}},"locations":[{"start":{"line":120,"column":54},"end":{"line":122,"column":3}}]},"17":{"type":"branch","line":124,"loc":{"start":{"line":124,"column":54},"end":{"line":126,"column":3}},"locations":[{"start":{"line":124,"column":54},"end":{"line":126,"column":3}}]},"18":{"type":"branch","line":128,"loc":{"start":{"line":128,"column":25},"end":{"line":130,"column":3}},"locations":[{"start":{"line":128,"column":25},"end":{"line":130,"column":3}}]}},"b":{"0":[0],"1":[0],"2":[0],"3":[0],"4":[2],"5":[0],"6":[0],"7":[0],"8":[1],"9":[1],"10":[1],"11":[1],"12":[1],"13":[1],"14":[0],"15":[0],"16":[0],"17":[0],"18":[0]},"fnMap":{"0":{"name":"parsePort","decl":{"start":{"line":43,"column":0},"end":{"line":47,"column":1}},"loc":{"start":{"line":43,"column":0},"end":{"line":47,"column":1}},"line":43},"1":{"name":"isDatabaseAvailable","decl":{"start":{"line":78,"column":7},"end":{"line":80,"column":1}},"loc":{"start":{"line":78,"column":7},"end":{"line":80,"column":1}},"line":78},"2":{"name":"isOpenAIAvailable","decl":{"start":{"line":85,"column":7},"end":{"line":87,"column":1}},"loc":{"start":{"line":85,"column":7},"end":{"line":87,"column":1}},"line":85},"3":{"name":"isDevelopment","decl":{"start":{"line":92,"column":7},"end":{"line":94,"column":1}},"loc":{"start":{"line":92,"column":7},"end":{"line":94,"column":1}},"line":92},"4":{"name":"isProduction","decl":{"start":{"line":99,"column":7},"end":{"line":101,"column":1}},"loc":{"start":{"line":99,"column":7},"end":{"line":101,"column":1}},"line":99},"5":{"name":"getBuildMode","decl":{"start":{"line":106,"column":7},"end":{"line":108,"column":1}},"loc":{"start":{"line":106,"column":7},"end":{"line":108,"column":1}},"line":106},"6":{"name":"validateConfig","decl":{"start":{"line":113,"column":7},"end":{"line":131,"column":1}},"loc":{"start":{"line":113,"column":7},"end":{"line":131,"column":1}},"line":113}},"f":{"0":2,"1":1,"2":1,"3":1,"4":1,"5":1,"6":1}}
,"/workspace/index.ts": {"path":"/workspace/index.ts","all":true,"statementMap":{"0":{"start":{"line":1,"column":0},"end":{"line":1,"column":18}},"1":{"start":{"line":2,"column":0},"end":{"line":2,"column":23}},"2":{"start":{"line":3,"column":0},"end":{"line":3,"column":67}},"3":{"start":{"line":4,"column":0},"end":{"line":4,"column":81}},"7":{"start":{"line":8,"column":0},"end":{"line":8,"column":44}},"8":{"start":{"line":9,"column":0},"end":{"line":9,"column":24}},"9":{"start":{"line":10,"column":0},"end":{"line":10,"column":48}},"12":{"start":{"line":13,"column":0},"end":{"line":13,"column":34}},"14":{"start":{"line":15,"column":0},"end":{"line":15,"column":7}},"16":{"start":{"line":17,"column":0},"end":{"line":17,"column":42}},"17":{"start":{"line":18,"column":0},"end":{"line":18,"column":15}},"18":{"start":{"line":19,"column":0},"end":{"line":19,"column":45}},"19":{"start":{"line":20,"column":0},"end":{"line":20,"column":3}},"20":{"start":{"line":21,"column":0},"end":{"line":21,"column":1}},"22":{"start":{"line":23,"column":0},"end":{"line":23,"column":42}},"23":{"start":{"line":24,"column":0},"end":{"line":24,"column":54}},"24":{"start":{"line":25,"column":0},"end":{"line":25,"column":3}},"25":{"start":{"line":26,"column":0},"end":{"line":26,"column":46}},"26":{"start":{"line":27,"column":0},"end":{"line":27,"column":6}},"27":{"start":{"line":28,"column":0},"end":{"line":28,"column":25}},"28":{"start":{"line":29,"column":0},"end":{"line":29,"column":49}},"29":{"start":{"line":30,"column":0},"end":{"line":30,"column":62}},"30":{"start":{"line":31,"column":0},"end":{"line":31,"column":22}},"31":{"start":{"line":32,"column":0},"end":{"line":32,"column":4}},"32":{"start":{"line":33,"column":0},"end":{"line":33,"column":3}},"35":{"start":{"line":36,"column":0},"end":{"line":36,"column":43}},"36":{"start":{"line":37,"column":0},"end":{"line":37,"column":42}},"37":{"start":{"line":38,"column":0},"end":{"line":38,"column":40}},"38":{"start":{"line":39,"column":0},"end":{"line":39,"column":44}},"39":{"start":{"line":40,"column":0},"end":{"line":40,"column":41}},"40":{"start":{"line":41,"column":0},"end":{"line":41,"column":45}},"41":{"start":{"line":42,"column":0},"end":{"line":42,"column":48}},"42":{"start":{"line":43,"column":0},"end":{"line":43,"column":38}},"43":{"start":{"line":44,"column":0},"end":{"line":44,"column":42}},"44":{"start":{"line":45,"column":0},"end":{"line":45,"column":40}},"45":{"start":{"line":46,"column":0},"end":{"line":46,"column":49}},"46":{"start":{"line":47,"column":0},"end":{"line":47,"column":44}},"47":{"start":{"line":48,"column":0},"end":{"line":48,"column":47}},"48":{"start":{"line":49,"column":0},"end":{"line":49,"column":50}},"49":{"start":{"line":50,"column":0},"end":{"line":50,"column":47}},"50":{"start":{"line":51,"column":0},"end":{"line":51,"column":51}},"51":{"start":{"line":52,"column":0},"end":{"line":52,"column":46}},"52":{"start":{"line":53,"column":0},"end":{"line":53,"column":41}},"54":{"start":{"line":55,"column":0},"end":{"line":55,"column":23}},"55":{"start":{"line":56,"column":0},"end":{"line":56,"column":50}},"56":{"start":{"line":57,"column":0},"end":{"line":57,"column":25}},"57":{"start":{"line":58,"column":0},"end":{"line":58,"column":53}},"58":{"start":{"line":59,"column":0},"end":{"line":59,"column":87}},"59":{"start":{"line":60,"column":0},"end":{"line":60,"column":23}},"60":{"start":{"line":61,"column":0},"end":{"line":61,"column":53}},"61":{"start":{"line":62,"column":0},"end":{"line":62,"column":27}},"62":{"start":{"line":63,"column":0},"end":{"line":63,"column":34}},"63":{"start":{"line":64,"column":0},"end":{"line":64,"column":30}},"64":{"start":{"line":65,"column":0},"end":{"line":65,"column":22}},"65":{"start":{"line":66,"column":0},"end":{"line":66,"column":76}},"66":{"start":{"line":67,"column":0},"end":{"line":67,"column":74}},"67":{"start":{"line":68,"column":0},"end":{"line":68,"column":71}},"68":{"start":{"line":69,"column":0},"end":{"line":69,"column":73}},"69":{"start":{"line":70,"column":0},"end":{"line":70,"column":72}},"70":{"start":{"line":71,"column":0},"end":{"line":71,"column":80}},"71":{"start":{"line":72,"column":0},"end":{"line":72,"column":78}},"72":{"start":{"line":73,"column":0},"end":{"line":73,"column":67}},"73":{"start":{"line":74,"column":0},"end":{"line":74,"column":58}},"74":{"start":{"line":75,"column":0},"end":{"line":75,"column":35}},"75":{"start":{"line":76,"column":0},"end":{"line":76,"column":7}},"76":{"start":{"line":77,"column":0},"end":{"line":77,"column":63}},"77":{"start":{"line":78,"column":0},"end":{"line":78,"column":98}},"78":{"start":{"line":79,"column":0},"end":{"line":79,"column":84}},"79":{"start":{"line":80,"column":0},"end":{"line":80,"column":100}},"80":{"start":{"line":81,"column":0},"end":{"line":81,"column":101}},"81":{"start":{"line":82,"column":0},"end":{"line":82,"column":94}},"82":{"start":{"line":83,"column":0},"end":{"line":83,"column":113}},"83":{"start":{"line":84,"column":0},"end":{"line":84,"column":97}},"84":{"start":{"line":85,"column":0},"end":{"line":85,"column":82}},"85":{"start":{"line":86,"column":0},"end":{"line":86,"column":10}},"86":{"start":{"line":87,"column":0},"end":{"line":87,"column":60}},"87":{"start":{"line":88,"column":0},"end":{"line":88,"column":32}},"88":{"start":{"line":89,"column":0},"end":{"line":89,"column":34}},"89":{"start":{"line":90,"column":0},"end":{"line":90,"column":30}},"90":{"start":{"line":91,"column":0},"end":{"line":91,"column":22}},"91":{"start":{"line":92,"column":0},"end":{"line":92,"column":76}},"92":{"start":{"line":93,"column":0},"end":{"line":93,"column":74}},"93":{"start":{"line":94,"column":0},"end":{"line":94,"column":71}},"94":{"start":{"line":95,"column":0},"end":{"line":95,"column":73}},"95":{"start":{"line":96,"column":0},"end":{"line":96,"column":72}},"96":{"start":{"line":97,"column":0},"end":{"line":97,"column":80}},"97":{"start":{"line":98,"column":0},"end":{"line":98,"column":78}},"98":{"start":{"line":99,"column":0},"end":{"line":99,"column":67}},"99":{"start":{"line":100,"column":0},"end":{"line":100,"column":58}},"100":{"start":{"line":101,"column":0},"end":{"line":101,"column":35}},"101":{"start":{"line":102,"column":0},"end":{"line":102,"column":7}},"102":{"start":{"line":103,"column":0},"end":{"line":103,"column":63}},"103":{"start":{"line":104,"column":0},"end":{"line":104,"column":98}},"104":{"start":{"line":105,"column":0},"end":{"line":105,"column":84}},"105":{"start":{"line":106,"column":0},"end":{"line":106,"column":100}},"106":{"start":{"line":107,"column":0},"end":{"line":107,"column":101}},"107":{"start":{"line":108,"column":0},"end":{"line":108,"column":94}},"108":{"start":{"line":109,"column":0},"end":{"line":109,"column":113}},"109":{"start":{"line":110,"column":0},"end":{"line":110,"column":97}},"110":{"start":{"line":111,"column":0},"end":{"line":111,"column":82}},"111":{"start":{"line":112,"column":0},"end":{"line":112,"column":3}},"112":{"start":{"line":113,"column":0},"end":{"line":113,"column":20}},"113":{"start":{"line":114,"column":0},"end":{"line":114,"column":47}},"114":{"start":{"line":115,"column":0},"end":{"line":115,"column":1}},"117":{"start":{"line":118,"column":0},"end":{"line":118,"column":26}},"118":{"start":{"line":119,"column":0},"end":{"line":119,"column":3}},"119":{"start":{"line":120,"column":0},"end":{"line":120,"column":29}},"120":{"start":{"line":121,"column":0},"end":{"line":121,"column":21}},"121":{"start":{"line":122,"column":0},"end":{"line":122,"column":4}},"122":{"start":{"line":123,"column":0},"end":{"line":123,"column":3}},"123":{"start":{"line":124,"column":0},"end":{"line":124,"column":19}},"124":{"start":{"line":125,"column":0},"end":{"line":125,"column":16}},"125":{"start":{"line":126,"column":0},"end":{"line":126,"column":6}},"126":{"start":{"line":127,"column":0},"end":{"line":127,"column":3}},"127":{"start":{"line":128,"column":0},"end":{"line":128,"column":2}},"135":{"start":{"line":136,"column":0},"end":{"line":136,"column":62}},"136":{"start":{"line":137,"column":0},"end":{"line":137,"column":35}},"137":{"start":{"line":138,"column":0},"end":{"line":138,"column":10}},"138":{"start":{"line":139,"column":0},"end":{"line":139,"column":12}},"140":{"start":{"line":141,"column":0},"end":{"line":141,"column":7}},"141":{"start":{"line":142,"column":0},"end":{"line":142,"column":37}},"142":{"start":{"line":143,"column":0},"end":{"line":143,"column":64}},"143":{"start":{"line":144,"column":0},"end":{"line":144,"column":22}},"144":{"start":{"line":145,"column":0},"end":{"line":145,"column":25}},"145":{"start":{"line":146,"column":0},"end":{"line":146,"column":23}},"146":{"start":{"line":147,"column":0},"end":{"line":147,"column":66}},"147":{"start":{"line":148,"column":0},"end":{"line":148,"column":80}},"148":{"start":{"line":149,"column":0},"end":{"line":149,"column":29}},"149":{"start":{"line":150,"column":0},"end":{"line":150,"column":29}},"150":{"start":{"line":151,"column":0},"end":{"line":151,"column":48}},"151":{"start":{"line":152,"column":0},"end":{"line":152,"column":14}},"152":{"start":{"line":153,"column":0},"end":{"line":153,"column":23}},"153":{"start":{"line":154,"column":0},"end":{"line":154,"column":29}},"154":{"start":{"line":155,"column":0},"end":{"line":155,"column":58}},"155":{"start":{"line":156,"column":0},"end":{"line":156,"column":14}},"156":{"start":{"line":157,"column":0},"end":{"line":157,"column":79}},"157":{"start":{"line":158,"column":0},"end":{"line":158,"column":23}},"158":{"start":{"line":159,"column":0},"end":{"line":159,"column":29}},"159":{"start":{"line":160,"column":0},"end":{"line":160,"column":57}},"160":{"start":{"line":161,"column":0},"end":{"line":161,"column":14}},"161":{"start":{"line":162,"column":0},"end":{"line":162,"column":12}},"162":{"start":{"line":163,"column":0},"end":{"line":163,"column":29}},"163":{"start":{"line":164,"column":0},"end":{"line":164,"column":10}},"164":{"start":{"line":165,"column":0},"end":{"line":165,"column":8}},"165":{"start":{"line":166,"column":0},"end":{"line":166,"column":7}},"166":{"start":{"line":167,"column":0},"end":{"line":167,"column":34}},"167":{"start":{"line":168,"column":0},"end":{"line":168,"column":49}},"168":{"start":{"line":169,"column":0},"end":{"line":169,"column":22}},"169":{"start":{"line":170,"column":0},"end":{"line":170,"column":25}},"170":{"start":{"line":171,"column":0},"end":{"line":171,"column":23}},"171":{"start":{"line":172,"column":0},"end":{"line":172,"column":69}},"172":{"start":{"line":173,"column":0},"end":{"line":173,"column":12}},"173":{"start":{"line":174,"column":0},"end":{"line":174,"column":34}},"174":{"start":{"line":175,"column":0},"end":{"line":175,"column":10}},"175":{"start":{"line":176,"column":0},"end":{"line":176,"column":8}},"176":{"start":{"line":177,"column":0},"end":{"line":177,"column":7}},"177":{"start":{"line":178,"column":0},"end":{"line":178,"column":35}},"178":{"start":{"line":179,"column":0},"end":{"line":179,"column":41}},"179":{"start":{"line":180,"column":0},"end":{"line":180,"column":22}},"180":{"start":{"line":181,"column":0},"end":{"line":181,"column":25}},"181":{"start":{"line":182,"column":0},"end":{"line":182,"column":25}},"182":{"start":{"line":183,"column":0},"end":{"line":183,"column":10}},"183":{"start":{"line":184,"column":0},"end":{"line":184,"column":8}},"184":{"start":{"line":185,"column":0},"end":{"line":185,"column":7}},"185":{"start":{"line":186,"column":0},"end":{"line":186,"column":38}},"186":{"start":{"line":187,"column":0},"end":{"line":187,"column":60}},"187":{"start":{"line":188,"column":0},"end":{"line":188,"column":22}},"188":{"start":{"line":189,"column":0},"end":{"line":189,"column":25}},"189":{"start":{"line":190,"column":0},"end":{"line":190,"column":23}},"190":{"start":{"line":191,"column":0},"end":{"line":191,"column":69}},"191":{"start":{"line":192,"column":0},"end":{"line":192,"column":20}},"192":{"start":{"line":193,"column":0},"end":{"line":193,"column":29}},"193":{"start":{"line":194,"column":0},"end":{"line":194,"column":56}},"194":{"start":{"line":195,"column":0},"end":{"line":195,"column":14}},"195":{"start":{"line":196,"column":0},"end":{"line":196,"column":12}},"196":{"start":{"line":197,"column":0},"end":{"line":197,"column":34}},"197":{"start":{"line":198,"column":0},"end":{"line":198,"column":10}},"198":{"start":{"line":199,"column":0},"end":{"line":199,"column":8}},"201":{"start":{"line":202,"column":0},"end":{"line":202,"column":7}},"202":{"start":{"line":203,"column":0},"end":{"line":203,"column":36}},"203":{"start":{"line":204,"column":0},"end":{"line":204,"column":73}},"204":{"start":{"line":205,"column":0},"end":{"line":205,"column":22}},"205":{"start":{"line":206,"column":0},"end":{"line":206,"column":25}},"206":{"start":{"line":207,"column":0},"end":{"line":207,"column":23}},"207":{"start":{"line":208,"column":0},"end":{"line":208,"column":90}},"208":{"start":{"line":209,"column":0},"end":{"line":209,"column":100}},"209":{"start":{"line":210,"column":0},"end":{"line":210,"column":94}},"210":{"start":{"line":211,"column":0},"end":{"line":211,"column":12}},"211":{"start":{"line":212,"column":0},"end":{"line":212,"column":10}},"212":{"start":{"line":213,"column":0},"end":{"line":213,"column":8}},"213":{"start":{"line":214,"column":0},"end":{"line":214,"column":7}},"214":{"start":{"line":215,"column":0},"end":{"line":215,"column":43}},"215":{"start":{"line":216,"column":0},"end":{"line":216,"column":79}},"216":{"start":{"line":217,"column":0},"end":{"line":217,"column":22}},"217":{"start":{"line":218,"column":0},"end":{"line":218,"column":25}},"218":{"start":{"line":219,"column":0},"end":{"line":219,"column":23}},"219":{"start":{"line":220,"column":0},"end":{"line":220,"column":75}},"220":{"start":{"line":221,"column":0},"end":{"line":221,"column":86}},"221":{"start":{"line":222,"column":0},"end":{"line":222,"column":12}},"222":{"start":{"line":223,"column":0},"end":{"line":223,"column":47}},"223":{"start":{"line":224,"column":0},"end":{"line":224,"column":10}},"224":{"start":{"line":225,"column":0},"end":{"line":225,"column":8}},"225":{"start":{"line":226,"column":0},"end":{"line":226,"column":7}},"226":{"start":{"line":227,"column":0},"end":{"line":227,"column":39}},"227":{"start":{"line":228,"column":0},"end":{"line":228,"column":71}},"228":{"start":{"line":229,"column":0},"end":{"line":229,"column":22}},"229":{"start":{"line":230,"column":0},"end":{"line":230,"column":25}},"230":{"start":{"line":231,"column":0},"end":{"line":231,"column":23}},"231":{"start":{"line":232,"column":0},"end":{"line":232,"column":75}},"232":{"start":{"line":233,"column":0},"end":{"line":233,"column":81}},"233":{"start":{"line":234,"column":0},"end":{"line":234,"column":12}},"234":{"start":{"line":235,"column":0},"end":{"line":235,"column":47}},"235":{"start":{"line":236,"column":0},"end":{"line":236,"column":10}},"236":{"start":{"line":237,"column":0},"end":{"line":237,"column":8}},"237":{"start":{"line":238,"column":0},"end":{"line":238,"column":7}},"238":{"start":{"line":239,"column":0},"end":{"line":239,"column":38}},"239":{"start":{"line":240,"column":0},"end":{"line":240,"column":76}},"240":{"start":{"line":241,"column":0},"end":{"line":241,"column":22}},"241":{"start":{"line":242,"column":0},"end":{"line":242,"column":25}},"242":{"start":{"line":243,"column":0},"end":{"line":243,"column":23}},"243":{"start":{"line":244,"column":0},"end":{"line":244,"column":75}},"244":{"start":{"line":245,"column":0},"end":{"line":245,"column":80}},"245":{"start":{"line":246,"column":0},"end":{"line":246,"column":12}},"246":{"start":{"line":247,"column":0},"end":{"line":247,"column":47}},"247":{"start":{"line":248,"column":0},"end":{"line":248,"column":10}},"248":{"start":{"line":249,"column":0},"end":{"line":249,"column":8}},"249":{"start":{"line":250,"column":0},"end":{"line":250,"column":7}},"250":{"start":{"line":251,"column":0},"end":{"line":251,"column":38}},"251":{"start":{"line":252,"column":0},"end":{"line":252,"column":64}},"252":{"start":{"line":253,"column":0},"end":{"line":253,"column":22}},"253":{"start":{"line":254,"column":0},"end":{"line":254,"column":25}},"254":{"start":{"line":255,"column":0},"end":{"line":255,"column":23}},"255":{"start":{"line":256,"column":0},"end":{"line":256,"column":81}},"256":{"start":{"line":257,"column":0},"end":{"line":257,"column":82}},"257":{"start":{"line":258,"column":0},"end":{"line":258,"column":87}},"258":{"start":{"line":259,"column":0},"end":{"line":259,"column":12}},"259":{"start":{"line":260,"column":0},"end":{"line":260,"column":73}},"260":{"start":{"line":261,"column":0},"end":{"line":261,"column":10}},"261":{"start":{"line":262,"column":0},"end":{"line":262,"column":8}},"262":{"start":{"line":263,"column":0},"end":{"line":263,"column":7}},"263":{"start":{"line":264,"column":0},"end":{"line":264,"column":35}},"264":{"start":{"line":265,"column":0},"end":{"line":265,"column":51}},"265":{"start":{"line":266,"column":0},"end":{"line":266,"column":22}},"266":{"start":{"line":267,"column":0},"end":{"line":267,"column":25}},"267":{"start":{"line":268,"column":0},"end":{"line":268,"column":25}},"268":{"start":{"line":269,"column":0},"end":{"line":269,"column":10}},"269":{"start":{"line":270,"column":0},"end":{"line":270,"column":8}},"272":{"start":{"line":273,"column":0},"end":{"line":273,"column":7}},"273":{"start":{"line":274,"column":0},"end":{"line":274,"column":43}},"274":{"start":{"line":275,"column":0},"end":{"line":275,"column":91}},"275":{"start":{"line":276,"column":0},"end":{"line":276,"column":22}},"276":{"start":{"line":277,"column":0},"end":{"line":277,"column":25}},"277":{"start":{"line":278,"column":0},"end":{"line":278,"column":23}},"278":{"start":{"line":279,"column":0},"end":{"line":279,"column":65}},"279":{"start":{"line":280,"column":0},"end":{"line":280,"column":71}},"280":{"start":{"line":281,"column":0},"end":{"line":281,"column":12}},"281":{"start":{"line":282,"column":0},"end":{"line":282,"column":46}},"282":{"start":{"line":283,"column":0},"end":{"line":283,"column":10}},"283":{"start":{"line":284,"column":0},"end":{"line":284,"column":8}},"284":{"start":{"line":285,"column":0},"end":{"line":285,"column":7}},"285":{"start":{"line":286,"column":0},"end":{"line":286,"column":44}},"286":{"start":{"line":287,"column":0},"end":{"line":287,"column":86}},"287":{"start":{"line":288,"column":0},"end":{"line":288,"column":22}},"288":{"start":{"line":289,"column":0},"end":{"line":289,"column":25}},"289":{"start":{"line":290,"column":0},"end":{"line":290,"column":23}},"290":{"start":{"line":291,"column":0},"end":{"line":291,"column":65}},"291":{"start":{"line":292,"column":0},"end":{"line":292,"column":89}},"292":{"start":{"line":293,"column":0},"end":{"line":293,"column":85}},"293":{"start":{"line":294,"column":0},"end":{"line":294,"column":80}},"294":{"start":{"line":295,"column":0},"end":{"line":295,"column":12}},"295":{"start":{"line":296,"column":0},"end":{"line":296,"column":41}},"296":{"start":{"line":297,"column":0},"end":{"line":297,"column":10}},"297":{"start":{"line":298,"column":0},"end":{"line":298,"column":8}},"298":{"start":{"line":299,"column":0},"end":{"line":299,"column":7}},"299":{"start":{"line":300,"column":0},"end":{"line":300,"column":47}},"300":{"start":{"line":301,"column":0},"end":{"line":301,"column":67}},"301":{"start":{"line":302,"column":0},"end":{"line":302,"column":22}},"302":{"start":{"line":303,"column":0},"end":{"line":303,"column":25}},"303":{"start":{"line":304,"column":0},"end":{"line":304,"column":25}},"304":{"start":{"line":305,"column":0},"end":{"line":305,"column":10}},"305":{"start":{"line":306,"column":0},"end":{"line":306,"column":8}},"306":{"start":{"line":307,"column":0},"end":{"line":307,"column":7}},"307":{"start":{"line":308,"column":0},"end":{"line":308,"column":41}},"308":{"start":{"line":309,"column":0},"end":{"line":309,"column":60}},"309":{"start":{"line":310,"column":0},"end":{"line":310,"column":22}},"310":{"start":{"line":311,"column":0},"end":{"line":311,"column":25}},"311":{"start":{"line":312,"column":0},"end":{"line":312,"column":23}},"312":{"start":{"line":313,"column":0},"end":{"line":313,"column":69}},"313":{"start":{"line":314,"column":0},"end":{"line":314,"column":65}},"314":{"start":{"line":315,"column":0},"end":{"line":315,"column":67}},"315":{"start":{"line":316,"column":0},"end":{"line":316,"column":73}},"316":{"start":{"line":317,"column":0},"end":{"line":317,"column":26}},"317":{"start":{"line":318,"column":0},"end":{"line":318,"column":29}},"318":{"start":{"line":319,"column":0},"end":{"line":319,"column":40}},"319":{"start":{"line":320,"column":0},"end":{"line":320,"column":49}},"320":{"start":{"line":321,"column":0},"end":{"line":321,"column":14}},"321":{"start":{"line":322,"column":0},"end":{"line":322,"column":77}},"322":{"start":{"line":323,"column":0},"end":{"line":323,"column":12}},"323":{"start":{"line":324,"column":0},"end":{"line":324,"column":49}},"324":{"start":{"line":325,"column":0},"end":{"line":325,"column":10}},"325":{"start":{"line":326,"column":0},"end":{"line":326,"column":8}},"328":{"start":{"line":329,"column":0},"end":{"line":329,"column":7}},"329":{"start":{"line":330,"column":0},"end":{"line":330,"column":40}},"330":{"start":{"line":331,"column":0},"end":{"line":331,"column":66}},"331":{"start":{"line":332,"column":0},"end":{"line":332,"column":22}},"332":{"start":{"line":333,"column":0},"end":{"line":333,"column":25}},"333":{"start":{"line":334,"column":0},"end":{"line":334,"column":23}},"334":{"start":{"line":335,"column":0},"end":{"line":335,"column":65}},"335":{"start":{"line":336,"column":0},"end":{"line":336,"column":22}},"336":{"start":{"line":337,"column":0},"end":{"line":337,"column":29}},"337":{"start":{"line":338,"column":0},"end":{"line":338,"column":40}},"338":{"start":{"line":339,"column":0},"end":{"line":339,"column":55}},"339":{"start":{"line":340,"column":0},"end":{"line":340,"column":14}},"340":{"start":{"line":341,"column":0},"end":{"line":341,"column":85}},"341":{"start":{"line":342,"column":0},"end":{"line":342,"column":12}},"342":{"start":{"line":343,"column":0},"end":{"line":343,"column":32}},"343":{"start":{"line":344,"column":0},"end":{"line":344,"column":10}},"344":{"start":{"line":345,"column":0},"end":{"line":345,"column":8}},"345":{"start":{"line":346,"column":0},"end":{"line":346,"column":7}},"346":{"start":{"line":347,"column":0},"end":{"line":347,"column":40}},"347":{"start":{"line":348,"column":0},"end":{"line":348,"column":45}},"348":{"start":{"line":349,"column":0},"end":{"line":349,"column":22}},"349":{"start":{"line":350,"column":0},"end":{"line":350,"column":25}},"350":{"start":{"line":351,"column":0},"end":{"line":351,"column":23}},"351":{"start":{"line":352,"column":0},"end":{"line":352,"column":74}},"352":{"start":{"line":353,"column":0},"end":{"line":353,"column":12}},"353":{"start":{"line":354,"column":0},"end":{"line":354,"column":28}},"354":{"start":{"line":355,"column":0},"end":{"line":355,"column":10}},"355":{"start":{"line":356,"column":0},"end":{"line":356,"column":8}},"356":{"start":{"line":357,"column":0},"end":{"line":357,"column":7}},"357":{"start":{"line":358,"column":0},"end":{"line":358,"column":40}},"358":{"start":{"line":359,"column":0},"end":{"line":359,"column":63}},"359":{"start":{"line":360,"column":0},"end":{"line":360,"column":22}},"360":{"start":{"line":361,"column":0},"end":{"line":361,"column":25}},"361":{"start":{"line":362,"column":0},"end":{"line":362,"column":23}},"362":{"start":{"line":363,"column":0},"end":{"line":363,"column":65}},"363":{"start":{"line":364,"column":0},"end":{"line":364,"column":71}},"364":{"start":{"line":365,"column":0},"end":{"line":365,"column":12}},"365":{"start":{"line":366,"column":0},"end":{"line":366,"column":46}},"366":{"start":{"line":367,"column":0},"end":{"line":367,"column":10}},"367":{"start":{"line":368,"column":0},"end":{"line":368,"column":8}},"368":{"start":{"line":369,"column":0},"end":{"line":369,"column":7}},"369":{"start":{"line":370,"column":0},"end":{"line":370,"column":41}},"370":{"start":{"line":371,"column":0},"end":{"line":371,"column":57}},"371":{"start":{"line":372,"column":0},"end":{"line":372,"column":22}},"372":{"start":{"line":373,"column":0},"end":{"line":373,"column":25}},"373":{"start":{"line":374,"column":0},"end":{"line":374,"column":23}},"374":{"start":{"line":375,"column":0},"end":{"line":375,"column":75}},"375":{"start":{"line":376,"column":0},"end":{"line":376,"column":81}},"376":{"start":{"line":377,"column":0},"end":{"line":377,"column":24}},"377":{"start":{"line":378,"column":0},"end":{"line":378,"column":30}},"378":{"start":{"line":379,"column":0},"end":{"line":379,"column":38}},"379":{"start":{"line":380,"column":0},"end":{"line":380,"column":53}},"380":{"start":{"line":381,"column":0},"end":{"line":381,"column":14}},"381":{"start":{"line":382,"column":0},"end":{"line":382,"column":80}},"382":{"start":{"line":383,"column":0},"end":{"line":383,"column":12}},"383":{"start":{"line":384,"column":0},"end":{"line":384,"column":10}},"384":{"start":{"line":385,"column":0},"end":{"line":385,"column":8}},"387":{"start":{"line":388,"column":0},"end":{"line":388,"column":7}},"388":{"start":{"line":389,"column":0},"end":{"line":389,"column":37}},"389":{"start":{"line":390,"column":0},"end":{"line":390,"column":60}},"390":{"start":{"line":391,"column":0},"end":{"line":391,"column":22}},"391":{"start":{"line":392,"column":0},"end":{"line":392,"column":25}},"392":{"start":{"line":393,"column":0},"end":{"line":393,"column":23}},"393":{"start":{"line":394,"column":0},"end":{"line":394,"column":65}},"394":{"start":{"line":395,"column":0},"end":{"line":395,"column":72}},"395":{"start":{"line":396,"column":0},"end":{"line":396,"column":12}},"396":{"start":{"line":397,"column":0},"end":{"line":397,"column":32}},"397":{"start":{"line":398,"column":0},"end":{"line":398,"column":10}},"398":{"start":{"line":399,"column":0},"end":{"line":399,"column":8}},"399":{"start":{"line":400,"column":0},"end":{"line":400,"column":7}},"400":{"start":{"line":401,"column":0},"end":{"line":401,"column":43}},"401":{"start":{"line":402,"column":0},"end":{"line":402,"column":69}},"402":{"start":{"line":403,"column":0},"end":{"line":403,"column":22}},"403":{"start":{"line":404,"column":0},"end":{"line":404,"column":25}},"404":{"start":{"line":405,"column":0},"end":{"line":405,"column":23}},"405":{"start":{"line":406,"column":0},"end":{"line":406,"column":65}},"406":{"start":{"line":407,"column":0},"end":{"line":407,"column":70}},"407":{"start":{"line":408,"column":0},"end":{"line":408,"column":12}},"408":{"start":{"line":409,"column":0},"end":{"line":409,"column":45}},"409":{"start":{"line":410,"column":0},"end":{"line":410,"column":10}},"410":{"start":{"line":411,"column":0},"end":{"line":411,"column":8}},"411":{"start":{"line":412,"column":0},"end":{"line":412,"column":7}},"412":{"start":{"line":413,"column":0},"end":{"line":413,"column":44}},"413":{"start":{"line":414,"column":0},"end":{"line":414,"column":72}},"414":{"start":{"line":415,"column":0},"end":{"line":415,"column":22}},"415":{"start":{"line":416,"column":0},"end":{"line":416,"column":25}},"416":{"start":{"line":417,"column":0},"end":{"line":417,"column":23}},"417":{"start":{"line":418,"column":0},"end":{"line":418,"column":65}},"418":{"start":{"line":419,"column":0},"end":{"line":419,"column":72}},"419":{"start":{"line":420,"column":0},"end":{"line":420,"column":12}},"420":{"start":{"line":421,"column":0},"end":{"line":421,"column":46}},"421":{"start":{"line":422,"column":0},"end":{"line":422,"column":10}},"422":{"start":{"line":423,"column":0},"end":{"line":423,"column":8}},"423":{"start":{"line":424,"column":0},"end":{"line":424,"column":7}},"424":{"start":{"line":425,"column":0},"end":{"line":425,"column":42}},"425":{"start":{"line":426,"column":0},"end":{"line":426,"column":64}},"426":{"start":{"line":427,"column":0},"end":{"line":427,"column":22}},"427":{"start":{"line":428,"column":0},"end":{"line":428,"column":25}},"428":{"start":{"line":429,"column":0},"end":{"line":429,"column":23}},"429":{"start":{"line":430,"column":0},"end":{"line":430,"column":65}},"430":{"start":{"line":431,"column":0},"end":{"line":431,"column":70}},"431":{"start":{"line":432,"column":0},"end":{"line":432,"column":12}},"432":{"start":{"line":433,"column":0},"end":{"line":433,"column":45}},"433":{"start":{"line":434,"column":0},"end":{"line":434,"column":10}},"434":{"start":{"line":435,"column":0},"end":{"line":435,"column":8}},"435":{"start":{"line":436,"column":0},"end":{"line":436,"column":7}},"436":{"start":{"line":437,"column":0},"end":{"line":437,"column":41}},"437":{"start":{"line":438,"column":0},"end":{"line":438,"column":84}},"438":{"start":{"line":439,"column":0},"end":{"line":439,"column":22}},"439":{"start":{"line":440,"column":0},"end":{"line":440,"column":25}},"440":{"start":{"line":441,"column":0},"end":{"line":441,"column":23}},"441":{"start":{"line":442,"column":0},"end":{"line":442,"column":65}},"442":{"start":{"line":443,"column":0},"end":{"line":443,"column":70}},"443":{"start":{"line":444,"column":0},"end":{"line":444,"column":73}},"444":{"start":{"line":445,"column":0},"end":{"line":445,"column":85}},"445":{"start":{"line":446,"column":0},"end":{"line":446,"column":24}},"446":{"start":{"line":447,"column":0},"end":{"line":447,"column":30}},"447":{"start":{"line":448,"column":0},"end":{"line":448,"column":58}},"448":{"start":{"line":449,"column":0},"end":{"line":449,"column":45}},"449":{"start":{"line":450,"column":0},"end":{"line":450,"column":14}},"450":{"start":{"line":451,"column":0},"end":{"line":451,"column":12}},"451":{"start":{"line":452,"column":0},"end":{"line":452,"column":81}},"452":{"start":{"line":453,"column":0},"end":{"line":453,"column":10}},"453":{"start":{"line":454,"column":0},"end":{"line":454,"column":8}},"454":{"start":{"line":455,"column":0},"end":{"line":455,"column":7}},"455":{"start":{"line":456,"column":0},"end":{"line":456,"column":41}},"456":{"start":{"line":457,"column":0},"end":{"line":457,"column":62}},"457":{"start":{"line":458,"column":0},"end":{"line":458,"column":22}},"458":{"start":{"line":459,"column":0},"end":{"line":459,"column":25}},"459":{"start":{"line":460,"column":0},"end":{"line":460,"column":23}},"460":{"start":{"line":461,"column":0},"end":{"line":461,"column":65}},"461":{"start":{"line":462,"column":0},"end":{"line":462,"column":12}},"462":{"start":{"line":463,"column":0},"end":{"line":463,"column":32}},"463":{"start":{"line":464,"column":0},"end":{"line":464,"column":10}},"464":{"start":{"line":465,"column":0},"end":{"line":465,"column":8}},"467":{"start":{"line":468,"column":0},"end":{"line":468,"column":7}},"468":{"start":{"line":469,"column":0},"end":{"line":469,"column":44}},"469":{"start":{"line":470,"column":0},"end":{"line":470,"column":99}},"470":{"start":{"line":471,"column":0},"end":{"line":471,"column":22}},"471":{"start":{"line":472,"column":0},"end":{"line":472,"column":25}},"472":{"start":{"line":473,"column":0},"end":{"line":473,"column":23}},"473":{"start":{"line":474,"column":0},"end":{"line":474,"column":65}},"474":{"start":{"line":475,"column":0},"end":{"line":475,"column":75}},"475":{"start":{"line":476,"column":0},"end":{"line":476,"column":78}},"476":{"start":{"line":477,"column":0},"end":{"line":477,"column":83}},"477":{"start":{"line":478,"column":0},"end":{"line":478,"column":33}},"478":{"start":{"line":479,"column":0},"end":{"line":479,"column":29}},"479":{"start":{"line":480,"column":0},"end":{"line":480,"column":40}},"480":{"start":{"line":481,"column":0},"end":{"line":481,"column":61}},"481":{"start":{"line":482,"column":0},"end":{"line":482,"column":14}},"482":{"start":{"line":483,"column":0},"end":{"line":483,"column":82}},"483":{"start":{"line":484,"column":0},"end":{"line":484,"column":30}},"484":{"start":{"line":485,"column":0},"end":{"line":485,"column":29}},"485":{"start":{"line":486,"column":0},"end":{"line":486,"column":40}},"486":{"start":{"line":487,"column":0},"end":{"line":487,"column":64}},"487":{"start":{"line":488,"column":0},"end":{"line":488,"column":14}},"488":{"start":{"line":489,"column":0},"end":{"line":489,"column":12}},"489":{"start":{"line":490,"column":0},"end":{"line":490,"column":68}},"490":{"start":{"line":491,"column":0},"end":{"line":491,"column":10}},"491":{"start":{"line":492,"column":0},"end":{"line":492,"column":8}},"492":{"start":{"line":493,"column":0},"end":{"line":493,"column":7}},"493":{"start":{"line":494,"column":0},"end":{"line":494,"column":45}},"494":{"start":{"line":495,"column":0},"end":{"line":495,"column":61}},"495":{"start":{"line":496,"column":0},"end":{"line":496,"column":22}},"496":{"start":{"line":497,"column":0},"end":{"line":497,"column":25}},"497":{"start":{"line":498,"column":0},"end":{"line":498,"column":23}},"498":{"start":{"line":499,"column":0},"end":{"line":499,"column":67}},"499":{"start":{"line":500,"column":0},"end":{"line":500,"column":75}},"500":{"start":{"line":501,"column":0},"end":{"line":501,"column":75}},"501":{"start":{"line":502,"column":0},"end":{"line":502,"column":75}},"502":{"start":{"line":503,"column":0},"end":{"line":503,"column":92}},"503":{"start":{"line":504,"column":0},"end":{"line":504,"column":80}},"504":{"start":{"line":505,"column":0},"end":{"line":505,"column":12}},"505":{"start":{"line":506,"column":0},"end":{"line":506,"column":30}},"506":{"start":{"line":507,"column":0},"end":{"line":507,"column":10}},"507":{"start":{"line":508,"column":0},"end":{"line":508,"column":8}},"508":{"start":{"line":509,"column":0},"end":{"line":509,"column":7}},"509":{"start":{"line":510,"column":0},"end":{"line":510,"column":42}},"510":{"start":{"line":511,"column":0},"end":{"line":511,"column":65}},"511":{"start":{"line":512,"column":0},"end":{"line":512,"column":22}},"512":{"start":{"line":513,"column":0},"end":{"line":513,"column":25}},"513":{"start":{"line":514,"column":0},"end":{"line":514,"column":23}},"514":{"start":{"line":515,"column":0},"end":{"line":515,"column":65}},"515":{"start":{"line":516,"column":0},"end":{"line":516,"column":69}},"516":{"start":{"line":517,"column":0},"end":{"line":517,"column":65}},"517":{"start":{"line":518,"column":0},"end":{"line":518,"column":75}},"518":{"start":{"line":519,"column":0},"end":{"line":519,"column":74}},"519":{"start":{"line":520,"column":0},"end":{"line":520,"column":82}},"520":{"start":{"line":521,"column":0},"end":{"line":521,"column":12}},"521":{"start":{"line":522,"column":0},"end":{"line":522,"column":83}},"522":{"start":{"line":523,"column":0},"end":{"line":523,"column":10}},"523":{"start":{"line":524,"column":0},"end":{"line":524,"column":8}},"526":{"start":{"line":527,"column":0},"end":{"line":527,"column":7}},"527":{"start":{"line":528,"column":0},"end":{"line":528,"column":31}},"528":{"start":{"line":529,"column":0},"end":{"line":529,"column":84}},"529":{"start":{"line":530,"column":0},"end":{"line":530,"column":22}},"530":{"start":{"line":531,"column":0},"end":{"line":531,"column":25}},"531":{"start":{"line":532,"column":0},"end":{"line":532,"column":23}},"532":{"start":{"line":533,"column":0},"end":{"line":533,"column":88}},"533":{"start":{"line":534,"column":0},"end":{"line":534,"column":67}},"534":{"start":{"line":535,"column":0},"end":{"line":535,"column":85}},"535":{"start":{"line":536,"column":0},"end":{"line":536,"column":29}},"536":{"start":{"line":537,"column":0},"end":{"line":537,"column":29}},"537":{"start":{"line":538,"column":0},"end":{"line":538,"column":40}},"538":{"start":{"line":539,"column":0},"end":{"line":539,"column":60}},"539":{"start":{"line":540,"column":0},"end":{"line":540,"column":14}},"540":{"start":{"line":541,"column":0},"end":{"line":541,"column":80}},"541":{"start":{"line":542,"column":0},"end":{"line":542,"column":104}},"542":{"start":{"line":543,"column":0},"end":{"line":543,"column":12}},"543":{"start":{"line":544,"column":0},"end":{"line":544,"column":41}},"544":{"start":{"line":545,"column":0},"end":{"line":545,"column":10}},"545":{"start":{"line":546,"column":0},"end":{"line":546,"column":8}},"546":{"start":{"line":547,"column":0},"end":{"line":547,"column":7}},"547":{"start":{"line":548,"column":0},"end":{"line":548,"column":45}},"548":{"start":{"line":549,"column":0},"end":{"line":549,"column":86}},"549":{"start":{"line":550,"column":0},"end":{"line":550,"column":22}},"550":{"start":{"line":551,"column":0},"end":{"line":551,"column":25}},"551":{"start":{"line":552,"column":0},"end":{"line":552,"column":23}},"552":{"start":{"line":553,"column":0},"end":{"line":553,"column":65}},"553":{"start":{"line":554,"column":0},"end":{"line":554,"column":67}},"554":{"start":{"line":555,"column":0},"end":{"line":555,"column":85}},"555":{"start":{"line":556,"column":0},"end":{"line":556,"column":36}},"556":{"start":{"line":557,"column":0},"end":{"line":557,"column":29}},"557":{"start":{"line":558,"column":0},"end":{"line":558,"column":40}},"558":{"start":{"line":559,"column":0},"end":{"line":559,"column":73}},"559":{"start":{"line":560,"column":0},"end":{"line":560,"column":14}},"560":{"start":{"line":561,"column":0},"end":{"line":561,"column":80}},"561":{"start":{"line":562,"column":0},"end":{"line":562,"column":12}},"562":{"start":{"line":563,"column":0},"end":{"line":563,"column":41}},"563":{"start":{"line":564,"column":0},"end":{"line":564,"column":10}},"564":{"start":{"line":565,"column":0},"end":{"line":565,"column":8}},"565":{"start":{"line":566,"column":0},"end":{"line":566,"column":7}},"566":{"start":{"line":567,"column":0},"end":{"line":567,"column":40}},"567":{"start":{"line":568,"column":0},"end":{"line":568,"column":73}},"568":{"start":{"line":569,"column":0},"end":{"line":569,"column":22}},"569":{"start":{"line":570,"column":0},"end":{"line":570,"column":25}},"570":{"start":{"line":571,"column":0},"end":{"line":571,"column":23}},"571":{"start":{"line":572,"column":0},"end":{"line":572,"column":65}},"572":{"start":{"line":573,"column":0},"end":{"line":573,"column":67}},"573":{"start":{"line":574,"column":0},"end":{"line":574,"column":85}},"574":{"start":{"line":575,"column":0},"end":{"line":575,"column":31}},"575":{"start":{"line":576,"column":0},"end":{"line":576,"column":30}},"576":{"start":{"line":577,"column":0},"end":{"line":577,"column":86}},"577":{"start":{"line":578,"column":0},"end":{"line":578,"column":53}},"578":{"start":{"line":579,"column":0},"end":{"line":579,"column":14}},"579":{"start":{"line":580,"column":0},"end":{"line":580,"column":80}},"580":{"start":{"line":581,"column":0},"end":{"line":581,"column":12}},"581":{"start":{"line":582,"column":0},"end":{"line":582,"column":41}},"582":{"start":{"line":583,"column":0},"end":{"line":583,"column":10}},"583":{"start":{"line":584,"column":0},"end":{"line":584,"column":8}},"584":{"start":{"line":585,"column":0},"end":{"line":585,"column":7}},"585":{"start":{"line":586,"column":0},"end":{"line":586,"column":37}},"586":{"start":{"line":587,"column":0},"end":{"line":587,"column":61}},"587":{"start":{"line":588,"column":0},"end":{"line":588,"column":22}},"588":{"start":{"line":589,"column":0},"end":{"line":589,"column":25}},"589":{"start":{"line":590,"column":0},"end":{"line":590,"column":23}},"590":{"start":{"line":591,"column":0},"end":{"line":591,"column":65}},"591":{"start":{"line":592,"column":0},"end":{"line":592,"column":12}},"592":{"start":{"line":593,"column":0},"end":{"line":593,"column":32}},"593":{"start":{"line":594,"column":0},"end":{"line":594,"column":10}},"594":{"start":{"line":595,"column":0},"end":{"line":595,"column":8}},"597":{"start":{"line":598,"column":0},"end":{"line":598,"column":7}},"598":{"start":{"line":599,"column":0},"end":{"line":599,"column":49}},"599":{"start":{"line":600,"column":0},"end":{"line":600,"column":76}},"600":{"start":{"line":601,"column":0},"end":{"line":601,"column":22}},"601":{"start":{"line":602,"column":0},"end":{"line":602,"column":25}},"602":{"start":{"line":603,"column":0},"end":{"line":603,"column":23}},"603":{"start":{"line":604,"column":0},"end":{"line":604,"column":72}},"604":{"start":{"line":605,"column":0},"end":{"line":605,"column":12}},"605":{"start":{"line":606,"column":0},"end":{"line":606,"column":31}},"606":{"start":{"line":607,"column":0},"end":{"line":607,"column":10}},"607":{"start":{"line":608,"column":0},"end":{"line":608,"column":8}},"608":{"start":{"line":609,"column":0},"end":{"line":609,"column":7}},"609":{"start":{"line":610,"column":0},"end":{"line":610,"column":42}},"610":{"start":{"line":611,"column":0},"end":{"line":611,"column":64}},"611":{"start":{"line":612,"column":0},"end":{"line":612,"column":22}},"612":{"start":{"line":613,"column":0},"end":{"line":613,"column":25}},"613":{"start":{"line":614,"column":0},"end":{"line":614,"column":23}},"614":{"start":{"line":615,"column":0},"end":{"line":615,"column":63}},"615":{"start":{"line":616,"column":0},"end":{"line":616,"column":87}},"616":{"start":{"line":617,"column":0},"end":{"line":617,"column":27}},"617":{"start":{"line":618,"column":0},"end":{"line":618,"column":30}},"618":{"start":{"line":619,"column":0},"end":{"line":619,"column":54}},"619":{"start":{"line":620,"column":0},"end":{"line":620,"column":50}},"620":{"start":{"line":621,"column":0},"end":{"line":621,"column":14}},"621":{"start":{"line":622,"column":0},"end":{"line":622,"column":68}},"622":{"start":{"line":623,"column":0},"end":{"line":623,"column":80}},"623":{"start":{"line":624,"column":0},"end":{"line":624,"column":75}},"624":{"start":{"line":625,"column":0},"end":{"line":625,"column":24}},"625":{"start":{"line":626,"column":0},"end":{"line":626,"column":30}},"626":{"start":{"line":627,"column":0},"end":{"line":627,"column":56}},"627":{"start":{"line":628,"column":0},"end":{"line":628,"column":46}},"628":{"start":{"line":629,"column":0},"end":{"line":629,"column":14}},"629":{"start":{"line":630,"column":0},"end":{"line":630,"column":12}},"630":{"start":{"line":631,"column":0},"end":{"line":631,"column":113}},"631":{"start":{"line":632,"column":0},"end":{"line":632,"column":10}},"632":{"start":{"line":633,"column":0},"end":{"line":633,"column":8}},"633":{"start":{"line":634,"column":0},"end":{"line":634,"column":7}},"634":{"start":{"line":635,"column":0},"end":{"line":635,"column":44}},"635":{"start":{"line":636,"column":0},"end":{"line":636,"column":62}},"636":{"start":{"line":637,"column":0},"end":{"line":637,"column":22}},"637":{"start":{"line":638,"column":0},"end":{"line":638,"column":25}},"638":{"start":{"line":639,"column":0},"end":{"line":639,"column":23}},"639":{"start":{"line":640,"column":0},"end":{"line":640,"column":78}},"640":{"start":{"line":641,"column":0},"end":{"line":641,"column":24}},"641":{"start":{"line":642,"column":0},"end":{"line":642,"column":30}},"642":{"start":{"line":643,"column":0},"end":{"line":643,"column":45}},"643":{"start":{"line":644,"column":0},"end":{"line":644,"column":44}},"644":{"start":{"line":645,"column":0},"end":{"line":645,"column":14}},"645":{"start":{"line":646,"column":0},"end":{"line":646,"column":88}},"646":{"start":{"line":647,"column":0},"end":{"line":647,"column":75}},"647":{"start":{"line":648,"column":0},"end":{"line":648,"column":12}},"648":{"start":{"line":649,"column":0},"end":{"line":649,"column":77}},"649":{"start":{"line":650,"column":0},"end":{"line":650,"column":10}},"650":{"start":{"line":651,"column":0},"end":{"line":651,"column":8}},"651":{"start":{"line":652,"column":0},"end":{"line":652,"column":7}},"652":{"start":{"line":653,"column":0},"end":{"line":653,"column":36}},"653":{"start":{"line":654,"column":0},"end":{"line":654,"column":59}},"654":{"start":{"line":655,"column":0},"end":{"line":655,"column":22}},"655":{"start":{"line":656,"column":0},"end":{"line":656,"column":25}},"656":{"start":{"line":657,"column":0},"end":{"line":657,"column":23}},"657":{"start":{"line":658,"column":0},"end":{"line":658,"column":90}},"658":{"start":{"line":659,"column":0},"end":{"line":659,"column":77}},"659":{"start":{"line":660,"column":0},"end":{"line":660,"column":12}},"660":{"start":{"line":661,"column":0},"end":{"line":661,"column":48}},"661":{"start":{"line":662,"column":0},"end":{"line":662,"column":10}},"662":{"start":{"line":663,"column":0},"end":{"line":663,"column":8}},"663":{"start":{"line":664,"column":0},"end":{"line":664,"column":7}},"664":{"start":{"line":665,"column":0},"end":{"line":665,"column":39}},"665":{"start":{"line":666,"column":0},"end":{"line":666,"column":49}},"666":{"start":{"line":667,"column":0},"end":{"line":667,"column":22}},"667":{"start":{"line":668,"column":0},"end":{"line":668,"column":25}},"668":{"start":{"line":669,"column":0},"end":{"line":669,"column":23}},"669":{"start":{"line":670,"column":0},"end":{"line":670,"column":27}},"670":{"start":{"line":671,"column":0},"end":{"line":671,"column":30}},"671":{"start":{"line":672,"column":0},"end":{"line":672,"column":54}},"672":{"start":{"line":673,"column":0},"end":{"line":673,"column":52}},"673":{"start":{"line":674,"column":0},"end":{"line":674,"column":14}},"674":{"start":{"line":675,"column":0},"end":{"line":675,"column":24}},"675":{"start":{"line":676,"column":0},"end":{"line":676,"column":30}},"676":{"start":{"line":677,"column":0},"end":{"line":677,"column":56}},"677":{"start":{"line":678,"column":0},"end":{"line":678,"column":48}},"678":{"start":{"line":679,"column":0},"end":{"line":679,"column":14}},"679":{"start":{"line":680,"column":0},"end":{"line":680,"column":80}},"680":{"start":{"line":681,"column":0},"end":{"line":681,"column":12}},"681":{"start":{"line":682,"column":0},"end":{"line":682,"column":10}},"682":{"start":{"line":683,"column":0},"end":{"line":683,"column":8}},"683":{"start":{"line":684,"column":0},"end":{"line":684,"column":7}},"684":{"start":{"line":685,"column":0},"end":{"line":685,"column":37}},"685":{"start":{"line":686,"column":0},"end":{"line":686,"column":55}},"686":{"start":{"line":687,"column":0},"end":{"line":687,"column":22}},"687":{"start":{"line":688,"column":0},"end":{"line":688,"column":25}},"688":{"start":{"line":689,"column":0},"end":{"line":689,"column":25}},"689":{"start":{"line":690,"column":0},"end":{"line":690,"column":10}},"690":{"start":{"line":691,"column":0},"end":{"line":691,"column":8}},"693":{"start":{"line":694,"column":0},"end":{"line":694,"column":7}},"694":{"start":{"line":695,"column":0},"end":{"line":695,"column":35}},"695":{"start":{"line":696,"column":0},"end":{"line":696,"column":51}},"696":{"start":{"line":697,"column":0},"end":{"line":697,"column":22}},"697":{"start":{"line":698,"column":0},"end":{"line":698,"column":25}},"698":{"start":{"line":699,"column":0},"end":{"line":699,"column":23}},"699":{"start":{"line":700,"column":0},"end":{"line":700,"column":69}},"700":{"start":{"line":701,"column":0},"end":{"line":701,"column":25}},"701":{"start":{"line":702,"column":0},"end":{"line":702,"column":29}},"702":{"start":{"line":703,"column":0},"end":{"line":703,"column":21}},"703":{"start":{"line":704,"column":0},"end":{"line":704,"column":27}},"704":{"start":{"line":705,"column":0},"end":{"line":705,"column":26}},"705":{"start":{"line":706,"column":0},"end":{"line":706,"column":27}},"706":{"start":{"line":707,"column":0},"end":{"line":707,"column":29}},"707":{"start":{"line":708,"column":0},"end":{"line":708,"column":26}},"708":{"start":{"line":709,"column":0},"end":{"line":709,"column":16}},"709":{"start":{"line":710,"column":0},"end":{"line":710,"column":44}},"710":{"start":{"line":711,"column":0},"end":{"line":711,"column":14}},"711":{"start":{"line":712,"column":0},"end":{"line":712,"column":71}},"712":{"start":{"line":713,"column":0},"end":{"line":713,"column":22}},"713":{"start":{"line":714,"column":0},"end":{"line":714,"column":29}},"714":{"start":{"line":715,"column":0},"end":{"line":715,"column":61}},"715":{"start":{"line":716,"column":0},"end":{"line":716,"column":14}},"716":{"start":{"line":717,"column":0},"end":{"line":717,"column":24}},"717":{"start":{"line":718,"column":0},"end":{"line":718,"column":29}},"718":{"start":{"line":719,"column":0},"end":{"line":719,"column":58}},"719":{"start":{"line":720,"column":0},"end":{"line":720,"column":14}},"720":{"start":{"line":721,"column":0},"end":{"line":721,"column":79}},"721":{"start":{"line":722,"column":0},"end":{"line":722,"column":19}},"722":{"start":{"line":723,"column":0},"end":{"line":723,"column":28}},"723":{"start":{"line":724,"column":0},"end":{"line":724,"column":40}},"724":{"start":{"line":725,"column":0},"end":{"line":725,"column":53}},"725":{"start":{"line":726,"column":0},"end":{"line":726,"column":14}},"726":{"start":{"line":727,"column":0},"end":{"line":727,"column":12}},"727":{"start":{"line":728,"column":0},"end":{"line":728,"column":59}},"728":{"start":{"line":729,"column":0},"end":{"line":729,"column":10}},"729":{"start":{"line":730,"column":0},"end":{"line":730,"column":8}},"730":{"start":{"line":731,"column":0},"end":{"line":731,"column":7}},"731":{"start":{"line":732,"column":0},"end":{"line":732,"column":36}},"732":{"start":{"line":733,"column":0},"end":{"line":733,"column":55}},"733":{"start":{"line":734,"column":0},"end":{"line":734,"column":22}},"734":{"start":{"line":735,"column":0},"end":{"line":735,"column":25}},"735":{"start":{"line":736,"column":0},"end":{"line":736,"column":23}},"736":{"start":{"line":737,"column":0},"end":{"line":737,"column":67}},"737":{"start":{"line":738,"column":0},"end":{"line":738,"column":24}},"738":{"start":{"line":739,"column":0},"end":{"line":739,"column":29}},"739":{"start":{"line":740,"column":0},"end":{"line":740,"column":57}},"740":{"start":{"line":741,"column":0},"end":{"line":741,"column":14}},"741":{"start":{"line":742,"column":0},"end":{"line":742,"column":25}},"742":{"start":{"line":743,"column":0},"end":{"line":743,"column":29}},"743":{"start":{"line":744,"column":0},"end":{"line":744,"column":51}},"744":{"start":{"line":745,"column":0},"end":{"line":745,"column":14}},"745":{"start":{"line":746,"column":0},"end":{"line":746,"column":80}},"746":{"start":{"line":747,"column":0},"end":{"line":747,"column":12}},"747":{"start":{"line":748,"column":0},"end":{"line":748,"column":30}},"748":{"start":{"line":749,"column":0},"end":{"line":749,"column":10}},"749":{"start":{"line":750,"column":0},"end":{"line":750,"column":8}},"752":{"start":{"line":753,"column":0},"end":{"line":753,"column":7}},"753":{"start":{"line":754,"column":0},"end":{"line":754,"column":38}},"754":{"start":{"line":755,"column":0},"end":{"line":755,"column":61}},"755":{"start":{"line":756,"column":0},"end":{"line":756,"column":22}},"756":{"start":{"line":757,"column":0},"end":{"line":757,"column":25}},"757":{"start":{"line":758,"column":0},"end":{"line":758,"column":23}},"758":{"start":{"line":759,"column":0},"end":{"line":759,"column":74}},"759":{"start":{"line":760,"column":0},"end":{"line":760,"column":78}},"760":{"start":{"line":761,"column":0},"end":{"line":761,"column":20}},"761":{"start":{"line":762,"column":0},"end":{"line":762,"column":29}},"762":{"start":{"line":763,"column":0},"end":{"line":763,"column":57}},"763":{"start":{"line":764,"column":0},"end":{"line":764,"column":14}},"764":{"start":{"line":765,"column":0},"end":{"line":765,"column":12}},"765":{"start":{"line":766,"column":0},"end":{"line":766,"column":42}},"766":{"start":{"line":767,"column":0},"end":{"line":767,"column":10}},"767":{"start":{"line":768,"column":0},"end":{"line":768,"column":8}},"768":{"start":{"line":769,"column":0},"end":{"line":769,"column":7}},"769":{"start":{"line":770,"column":0},"end":{"line":770,"column":39}},"770":{"start":{"line":771,"column":0},"end":{"line":771,"column":54}},"771":{"start":{"line":772,"column":0},"end":{"line":772,"column":22}},"772":{"start":{"line":773,"column":0},"end":{"line":773,"column":25}},"773":{"start":{"line":774,"column":0},"end":{"line":774,"column":23}},"774":{"start":{"line":775,"column":0},"end":{"line":775,"column":27}},"775":{"start":{"line":776,"column":0},"end":{"line":776,"column":29}},"776":{"start":{"line":777,"column":0},"end":{"line":777,"column":74}},"777":{"start":{"line":778,"column":0},"end":{"line":778,"column":57}},"778":{"start":{"line":779,"column":0},"end":{"line":779,"column":14}},"779":{"start":{"line":780,"column":0},"end":{"line":780,"column":69}},"780":{"start":{"line":781,"column":0},"end":{"line":781,"column":20}},"781":{"start":{"line":782,"column":0},"end":{"line":782,"column":28}},"782":{"start":{"line":783,"column":0},"end":{"line":783,"column":40}},"783":{"start":{"line":784,"column":0},"end":{"line":784,"column":44}},"784":{"start":{"line":785,"column":0},"end":{"line":785,"column":14}},"785":{"start":{"line":786,"column":0},"end":{"line":786,"column":12}},"786":{"start":{"line":787,"column":0},"end":{"line":787,"column":50}},"787":{"start":{"line":788,"column":0},"end":{"line":788,"column":10}},"788":{"start":{"line":789,"column":0},"end":{"line":789,"column":8}},"789":{"start":{"line":790,"column":0},"end":{"line":790,"column":7}},"790":{"start":{"line":791,"column":0},"end":{"line":791,"column":35}},"791":{"start":{"line":792,"column":0},"end":{"line":792,"column":53}},"792":{"start":{"line":793,"column":0},"end":{"line":793,"column":22}},"793":{"start":{"line":794,"column":0},"end":{"line":794,"column":25}},"794":{"start":{"line":795,"column":0},"end":{"line":795,"column":23}},"795":{"start":{"line":796,"column":0},"end":{"line":796,"column":21}},"796":{"start":{"line":797,"column":0},"end":{"line":797,"column":29}},"797":{"start":{"line":798,"column":0},"end":{"line":798,"column":56}},"798":{"start":{"line":799,"column":0},"end":{"line":799,"column":47}},"799":{"start":{"line":800,"column":0},"end":{"line":800,"column":14}},"800":{"start":{"line":801,"column":0},"end":{"line":801,"column":69}},"801":{"start":{"line":802,"column":0},"end":{"line":802,"column":66}},"802":{"start":{"line":803,"column":0},"end":{"line":803,"column":78}},"803":{"start":{"line":804,"column":0},"end":{"line":804,"column":34}},"804":{"start":{"line":805,"column":0},"end":{"line":805,"column":28}},"805":{"start":{"line":806,"column":0},"end":{"line":806,"column":40}},"806":{"start":{"line":807,"column":0},"end":{"line":807,"column":49}},"807":{"start":{"line":808,"column":0},"end":{"line":808,"column":14}},"808":{"start":{"line":809,"column":0},"end":{"line":809,"column":74}},"809":{"start":{"line":810,"column":0},"end":{"line":810,"column":23}},"810":{"start":{"line":811,"column":0},"end":{"line":811,"column":29}},"811":{"start":{"line":812,"column":0},"end":{"line":812,"column":58}},"812":{"start":{"line":813,"column":0},"end":{"line":813,"column":44}},"813":{"start":{"line":814,"column":0},"end":{"line":814,"column":14}},"814":{"start":{"line":815,"column":0},"end":{"line":815,"column":12}},"815":{"start":{"line":816,"column":0},"end":{"line":816,"column":44}},"816":{"start":{"line":817,"column":0},"end":{"line":817,"column":10}},"817":{"start":{"line":818,"column":0},"end":{"line":818,"column":8}},"818":{"start":{"line":819,"column":0},"end":{"line":819,"column":7}},"819":{"start":{"line":820,"column":0},"end":{"line":820,"column":35}},"820":{"start":{"line":821,"column":0},"end":{"line":821,"column":55}},"821":{"start":{"line":822,"column":0},"end":{"line":822,"column":22}},"822":{"start":{"line":823,"column":0},"end":{"line":823,"column":25}},"823":{"start":{"line":824,"column":0},"end":{"line":824,"column":23}},"824":{"start":{"line":825,"column":0},"end":{"line":825,"column":21}},"825":{"start":{"line":826,"column":0},"end":{"line":826,"column":29}},"826":{"start":{"line":827,"column":0},"end":{"line":827,"column":56}},"827":{"start":{"line":828,"column":0},"end":{"line":828,"column":51}},"828":{"start":{"line":829,"column":0},"end":{"line":829,"column":14}},"829":{"start":{"line":830,"column":0},"end":{"line":830,"column":71}},"830":{"start":{"line":831,"column":0},"end":{"line":831,"column":72}},"831":{"start":{"line":832,"column":0},"end":{"line":832,"column":20}},"832":{"start":{"line":833,"column":0},"end":{"line":833,"column":28}},"833":{"start":{"line":834,"column":0},"end":{"line":834,"column":40}},"834":{"start":{"line":835,"column":0},"end":{"line":835,"column":46}},"835":{"start":{"line":836,"column":0},"end":{"line":836,"column":14}},"836":{"start":{"line":837,"column":0},"end":{"line":837,"column":12}},"837":{"start":{"line":838,"column":0},"end":{"line":838,"column":31}},"838":{"start":{"line":839,"column":0},"end":{"line":839,"column":10}},"839":{"start":{"line":840,"column":0},"end":{"line":840,"column":8}},"840":{"start":{"line":841,"column":0},"end":{"line":841,"column":7}},"841":{"start":{"line":842,"column":0},"end":{"line":842,"column":31}},"842":{"start":{"line":843,"column":0},"end":{"line":843,"column":58}},"843":{"start":{"line":844,"column":0},"end":{"line":844,"column":22}},"844":{"start":{"line":845,"column":0},"end":{"line":845,"column":25}},"845":{"start":{"line":846,"column":0},"end":{"line":846,"column":23}},"846":{"start":{"line":847,"column":0},"end":{"line":847,"column":24}},"847":{"start":{"line":848,"column":0},"end":{"line":848,"column":29}},"848":{"start":{"line":849,"column":0},"end":{"line":849,"column":51}},"849":{"start":{"line":850,"column":0},"end":{"line":850,"column":50}},"850":{"start":{"line":851,"column":0},"end":{"line":851,"column":14}},"851":{"start":{"line":852,"column":0},"end":{"line":852,"column":74}},"852":{"start":{"line":853,"column":0},"end":{"line":853,"column":73}},"853":{"start":{"line":854,"column":0},"end":{"line":854,"column":12}},"854":{"start":{"line":855,"column":0},"end":{"line":855,"column":10}},"855":{"start":{"line":856,"column":0},"end":{"line":856,"column":8}},"856":{"start":{"line":857,"column":0},"end":{"line":857,"column":7}},"857":{"start":{"line":858,"column":0},"end":{"line":858,"column":34}},"858":{"start":{"line":859,"column":0},"end":{"line":859,"column":69}},"859":{"start":{"line":860,"column":0},"end":{"line":860,"column":22}},"860":{"start":{"line":861,"column":0},"end":{"line":861,"column":25}},"861":{"start":{"line":862,"column":0},"end":{"line":862,"column":23}},"862":{"start":{"line":863,"column":0},"end":{"line":863,"column":21}},"863":{"start":{"line":864,"column":0},"end":{"line":864,"column":29}},"864":{"start":{"line":865,"column":0},"end":{"line":865,"column":21}},"865":{"start":{"line":866,"column":0},"end":{"line":866,"column":25}},"866":{"start":{"line":867,"column":0},"end":{"line":867,"column":26}},"867":{"start":{"line":868,"column":0},"end":{"line":868,"column":26}},"868":{"start":{"line":869,"column":0},"end":{"line":869,"column":27}},"869":{"start":{"line":870,"column":0},"end":{"line":870,"column":28}},"870":{"start":{"line":871,"column":0},"end":{"line":871,"column":24}},"871":{"start":{"line":872,"column":0},"end":{"line":872,"column":16}},"872":{"start":{"line":873,"column":0},"end":{"line":873,"column":55}},"873":{"start":{"line":874,"column":0},"end":{"line":874,"column":14}},"874":{"start":{"line":875,"column":0},"end":{"line":875,"column":21}},"875":{"start":{"line":876,"column":0},"end":{"line":876,"column":29}},"876":{"start":{"line":877,"column":0},"end":{"line":877,"column":56}},"877":{"start":{"line":878,"column":0},"end":{"line":878,"column":43}},"878":{"start":{"line":879,"column":0},"end":{"line":879,"column":14}},"879":{"start":{"line":880,"column":0},"end":{"line":880,"column":24}},"880":{"start":{"line":881,"column":0},"end":{"line":881,"column":29}},"881":{"start":{"line":882,"column":0},"end":{"line":882,"column":61}},"882":{"start":{"line":883,"column":0},"end":{"line":883,"column":14}},"883":{"start":{"line":884,"column":0},"end":{"line":884,"column":76}},"884":{"start":{"line":885,"column":0},"end":{"line":885,"column":32}},"885":{"start":{"line":886,"column":0},"end":{"line":886,"column":30}},"886":{"start":{"line":887,"column":0},"end":{"line":887,"column":65}},"887":{"start":{"line":888,"column":0},"end":{"line":888,"column":14}},"888":{"start":{"line":889,"column":0},"end":{"line":889,"column":12}},"889":{"start":{"line":890,"column":0},"end":{"line":890,"column":31}},"890":{"start":{"line":891,"column":0},"end":{"line":891,"column":10}},"891":{"start":{"line":892,"column":0},"end":{"line":892,"column":8}},"894":{"start":{"line":895,"column":0},"end":{"line":895,"column":7}},"895":{"start":{"line":896,"column":0},"end":{"line":896,"column":41}},"896":{"start":{"line":897,"column":0},"end":{"line":897,"column":20}},"897":{"start":{"line":898,"column":0},"end":{"line":898,"column":83}},"898":{"start":{"line":899,"column":0},"end":{"line":899,"column":22}},"899":{"start":{"line":900,"column":0},"end":{"line":900,"column":25}},"900":{"start":{"line":901,"column":0},"end":{"line":901,"column":23}},"901":{"start":{"line":902,"column":0},"end":{"line":902,"column":26}},"902":{"start":{"line":903,"column":0},"end":{"line":903,"column":29}},"903":{"start":{"line":904,"column":0},"end":{"line":904,"column":55}},"904":{"start":{"line":905,"column":0},"end":{"line":905,"column":14}},"905":{"start":{"line":906,"column":0},"end":{"line":906,"column":21}},"906":{"start":{"line":907,"column":0},"end":{"line":907,"column":29}},"907":{"start":{"line":908,"column":0},"end":{"line":908,"column":62}},"908":{"start":{"line":909,"column":0},"end":{"line":909,"column":14}},"909":{"start":{"line":910,"column":0},"end":{"line":910,"column":12}},"910":{"start":{"line":911,"column":0},"end":{"line":911,"column":36}},"911":{"start":{"line":912,"column":0},"end":{"line":912,"column":10}},"912":{"start":{"line":913,"column":0},"end":{"line":913,"column":8}},"913":{"start":{"line":914,"column":0},"end":{"line":914,"column":7}},"914":{"start":{"line":915,"column":0},"end":{"line":915,"column":41}},"915":{"start":{"line":916,"column":0},"end":{"line":916,"column":67}},"916":{"start":{"line":917,"column":0},"end":{"line":917,"column":22}},"917":{"start":{"line":918,"column":0},"end":{"line":918,"column":25}},"918":{"start":{"line":919,"column":0},"end":{"line":919,"column":23}},"919":{"start":{"line":920,"column":0},"end":{"line":920,"column":23}},"920":{"start":{"line":921,"column":0},"end":{"line":921,"column":29}},"921":{"start":{"line":922,"column":0},"end":{"line":922,"column":54}},"922":{"start":{"line":923,"column":0},"end":{"line":923,"column":14}},"923":{"start":{"line":924,"column":0},"end":{"line":924,"column":12}},"924":{"start":{"line":925,"column":0},"end":{"line":925,"column":33}},"925":{"start":{"line":926,"column":0},"end":{"line":926,"column":10}},"926":{"start":{"line":927,"column":0},"end":{"line":927,"column":8}},"927":{"start":{"line":928,"column":0},"end":{"line":928,"column":7}},"928":{"start":{"line":929,"column":0},"end":{"line":929,"column":37}},"929":{"start":{"line":930,"column":0},"end":{"line":930,"column":20}},"930":{"start":{"line":931,"column":0},"end":{"line":931,"column":72}},"931":{"start":{"line":932,"column":0},"end":{"line":932,"column":22}},"932":{"start":{"line":933,"column":0},"end":{"line":933,"column":25}},"933":{"start":{"line":934,"column":0},"end":{"line":934,"column":23}},"934":{"start":{"line":935,"column":0},"end":{"line":935,"column":24}},"935":{"start":{"line":936,"column":0},"end":{"line":936,"column":29}},"936":{"start":{"line":937,"column":0},"end":{"line":937,"column":61}},"937":{"start":{"line":938,"column":0},"end":{"line":938,"column":14}},"938":{"start":{"line":939,"column":0},"end":{"line":939,"column":68}},"939":{"start":{"line":940,"column":0},"end":{"line":940,"column":12}},"940":{"start":{"line":941,"column":0},"end":{"line":941,"column":45}},"941":{"start":{"line":942,"column":0},"end":{"line":942,"column":10}},"942":{"start":{"line":943,"column":0},"end":{"line":943,"column":8}},"943":{"start":{"line":944,"column":0},"end":{"line":944,"column":7}},"944":{"start":{"line":945,"column":0},"end":{"line":945,"column":42}},"945":{"start":{"line":946,"column":0},"end":{"line":946,"column":20}},"946":{"start":{"line":947,"column":0},"end":{"line":947,"column":73}},"947":{"start":{"line":948,"column":0},"end":{"line":948,"column":22}},"948":{"start":{"line":949,"column":0},"end":{"line":949,"column":25}},"949":{"start":{"line":950,"column":0},"end":{"line":950,"column":23}},"950":{"start":{"line":951,"column":0},"end":{"line":951,"column":20}},"951":{"start":{"line":952,"column":0},"end":{"line":952,"column":29}},"952":{"start":{"line":953,"column":0},"end":{"line":953,"column":48}},"953":{"start":{"line":954,"column":0},"end":{"line":954,"column":59}},"954":{"start":{"line":955,"column":0},"end":{"line":955,"column":14}},"955":{"start":{"line":956,"column":0},"end":{"line":956,"column":12}},"956":{"start":{"line":957,"column":0},"end":{"line":957,"column":10}},"957":{"start":{"line":958,"column":0},"end":{"line":958,"column":8}},"958":{"start":{"line":959,"column":0},"end":{"line":959,"column":7}},"959":{"start":{"line":960,"column":0},"end":{"line":960,"column":42}},"960":{"start":{"line":961,"column":0},"end":{"line":961,"column":79}},"961":{"start":{"line":962,"column":0},"end":{"line":962,"column":22}},"962":{"start":{"line":963,"column":0},"end":{"line":963,"column":25}},"963":{"start":{"line":964,"column":0},"end":{"line":964,"column":23}},"964":{"start":{"line":965,"column":0},"end":{"line":965,"column":26}},"965":{"start":{"line":966,"column":0},"end":{"line":966,"column":29}},"966":{"start":{"line":967,"column":0},"end":{"line":967,"column":54}},"967":{"start":{"line":968,"column":0},"end":{"line":968,"column":14}},"968":{"start":{"line":969,"column":0},"end":{"line":969,"column":12}},"969":{"start":{"line":970,"column":0},"end":{"line":970,"column":36}},"970":{"start":{"line":971,"column":0},"end":{"line":971,"column":10}},"971":{"start":{"line":972,"column":0},"end":{"line":972,"column":8}},"974":{"start":{"line":975,"column":0},"end":{"line":975,"column":35}},"975":{"start":{"line":976,"column":0},"end":{"line":976,"column":24}},"976":{"start":{"line":977,"column":0},"end":{"line":977,"column":38}},"977":{"start":{"line":978,"column":0},"end":{"line":978,"column":55}},"978":{"start":{"line":979,"column":0},"end":{"line":979,"column":10}},"979":{"start":{"line":980,"column":0},"end":{"line":980,"column":6}},"980":{"start":{"line":981,"column":0},"end":{"line":981,"column":4}},"981":{"start":{"line":982,"column":0},"end":{"line":982,"column":3}},"984":{"start":{"line":985,"column":0},"end":{"line":985,"column":79}},"986":{"start":{"line":987,"column":0},"end":{"line":987,"column":38}},"987":{"start":{"line":988,"column":0},"end":{"line":988,"column":31}},"988":{"start":{"line":989,"column":0},"end":{"line":989,"column":51}},"989":{"start":{"line":990,"column":0},"end":{"line":990,"column":34}},"991":{"start":{"line":992,"column":0},"end":{"line":992,"column":55}},"992":{"start":{"line":993,"column":0},"end":{"line":993,"column":51}},"994":{"start":{"line":995,"column":0},"end":{"line":995,"column":44}},"995":{"start":{"line":996,"column":0},"end":{"line":996,"column":27}},"996":{"start":{"line":997,"column":0},"end":{"line":997,"column":25}},"997":{"start":{"line":998,"column":0},"end":{"line":998,"column":66}},"998":{"start":{"line":999,"column":0},"end":{"line":999,"column":10}},"999":{"start":{"line":1000,"column":0},"end":{"line":1000,"column":55}},"1000":{"start":{"line":1001,"column":0},"end":{"line":1001,"column":51}},"1001":{"start":{"line":1002,"column":0},"end":{"line":1002,"column":27}},"1002":{"start":{"line":1003,"column":0},"end":{"line":1003,"column":25}},"1003":{"start":{"line":1004,"column":0},"end":{"line":1004,"column":66}},"1004":{"start":{"line":1005,"column":0},"end":{"line":1005,"column":10}},"1005":{"start":{"line":1006,"column":0},"end":{"line":1006,"column":55}},"1006":{"start":{"line":1007,"column":0},"end":{"line":1007,"column":49}},"1007":{"start":{"line":1008,"column":0},"end":{"line":1008,"column":27}},"1008":{"start":{"line":1009,"column":0},"end":{"line":1009,"column":25}},"1009":{"start":{"line":1010,"column":0},"end":{"line":1010,"column":33}},"1010":{"start":{"line":1011,"column":0},"end":{"line":1011,"column":66}},"1011":{"start":{"line":1012,"column":0},"end":{"line":1012,"column":10}},"1012":{"start":{"line":1013,"column":0},"end":{"line":1013,"column":55}},"1013":{"start":{"line":1014,"column":0},"end":{"line":1014,"column":53}},"1014":{"start":{"line":1015,"column":0},"end":{"line":1015,"column":44}},"1015":{"start":{"line":1016,"column":0},"end":{"line":1016,"column":47}},"1016":{"start":{"line":1017,"column":0},"end":{"line":1017,"column":29}},"1017":{"start":{"line":1018,"column":0},"end":{"line":1018,"column":27}},"1018":{"start":{"line":1019,"column":0},"end":{"line":1019,"column":69}},"1019":{"start":{"line":1020,"column":0},"end":{"line":1020,"column":12}},"1020":{"start":{"line":1021,"column":0},"end":{"line":1021,"column":54}},"1021":{"start":{"line":1022,"column":0},"end":{"line":1022,"column":29}},"1022":{"start":{"line":1023,"column":0},"end":{"line":1023,"column":27}},"1023":{"start":{"line":1024,"column":0},"end":{"line":1024,"column":69}},"1024":{"start":{"line":1025,"column":0},"end":{"line":1025,"column":12}},"1025":{"start":{"line":1026,"column":0},"end":{"line":1026,"column":9}},"1026":{"start":{"line":1027,"column":0},"end":{"line":1027,"column":7}},"1027":{"start":{"line":1028,"column":0},"end":{"line":1028,"column":5}},"1029":{"start":{"line":1030,"column":0},"end":{"line":1030,"column":12}},"1030":{"start":{"line":1031,"column":0},"end":{"line":1031,"column":21}},"1031":{"start":{"line":1032,"column":0},"end":{"line":1032,"column":17}},"1032":{"start":{"line":1033,"column":0},"end":{"line":1033,"column":59}},"1033":{"start":{"line":1034,"column":0},"end":{"line":1034,"column":6}},"1034":{"start":{"line":1035,"column":0},"end":{"line":1035,"column":3}},"1037":{"start":{"line":1038,"column":0},"end":{"line":1038,"column":44}},"1038":{"start":{"line":1039,"column":0},"end":{"line":1039,"column":1}},"1056":{"start":{"line":1057,"column":0},"end":{"line":1057,"column":68}},"1057":{"start":{"line":1058,"column":0},"end":{"line":1058,"column":34}},"1058":{"start":{"line":1059,"column":0},"end":{"line":1059,"column":27}},"1059":{"start":{"line":1060,"column":0},"end":{"line":1060,"column":74}},"1060":{"start":{"line":1061,"column":0},"end":{"line":1061,"column":104}},"1061":{"start":{"line":1062,"column":0},"end":{"line":1062,"column":7}},"1062":{"start":{"line":1063,"column":0},"end":{"line":1063,"column":8}},"1063":{"start":{"line":1064,"column":0},"end":{"line":1064,"column":23}},"1064":{"start":{"line":1065,"column":0},"end":{"line":1065,"column":11}},"1065":{"start":{"line":1066,"column":0},"end":{"line":1066,"column":14}},"1066":{"start":{"line":1067,"column":0},"end":{"line":1067,"column":14}},"1067":{"start":{"line":1068,"column":0},"end":{"line":1068,"column":13}},"1068":{"start":{"line":1069,"column":0},"end":{"line":1069,"column":52}},"1069":{"start":{"line":1070,"column":0},"end":{"li
[...]
,"column":0},"end":{"line":137,"column":7}},"137":{"start":{"line":138,"column":0},"end":{"line":138,"column":4}},"138":{"start":{"line":139,"column":0},"end":{"line":139,"column":3}},"139":{"start":{"line":140,"column":0},"end":{"line":140,"column":29}},"140":{"start":{"line":141,"column":0},"end":{"line":141,"column":106}},"141":{"start":{"line":142,"column":0},"end":{"line":142,"column":27}},"142":{"start":{"line":143,"column":0},"end":{"line":143,"column":41}},"143":{"start":{"line":144,"column":0},"end":{"line":144,"column":88}},"144":{"start":{"line":145,"column":0},"end":{"line":145,"column":7}},"145":{"start":{"line":146,"column":0},"end":{"line":146,"column":4}},"146":{"start":{"line":147,"column":0},"end":{"line":147,"column":2}},"151":{"start":{"line":152,"column":0},"end":{"line":152,"column":35}},"152":{"start":{"line":153,"column":0},"end":{"line":153,"column":3}},"153":{"start":{"line":154,"column":0},"end":{"line":154,"column":34}},"154":{"start":{"line":155,"column":0},"end":{"line":155,"column":79}},"155":{"start":{"line":156,"column":0},"end":{"line":156,"column":27}},"156":{"start":{"line":157,"column":0},"end":{"line":157,"column":41}},"157":{"start":{"line":158,"column":0},"end":{"line":158,"column":47}},"158":{"start":{"line":159,"column":0},"end":{"line":159,"column":45}},"159":{"start":{"line":160,"column":0},"end":{"line":160,"column":7}},"160":{"start":{"line":161,"column":0},"end":{"line":161,"column":4}},"161":{"start":{"line":162,"column":0},"end":{"line":162,"column":2}},"166":{"start":{"line":167,"column":0},"end":{"line":167,"column":28}},"167":{"start":{"line":168,"column":0},"end":{"line":168,"column":3}},"168":{"start":{"line":169,"column":0},"end":{"line":169,"column":33}},"169":{"start":{"line":170,"column":0},"end":{"line":170,"column":86}},"170":{"start":{"line":171,"column":0},"end":{"line":171,"column":27}},"171":{"start":{"line":172,"column":0},"end":{"line":172,"column":41}},"172":{"start":{"line":173,"column":0},"end":{"line":173,"column":37}},"173":{"start":{"line":174,"column":0},"end":{"line":174,"column":7}},"174":{"start":{"line":175,"column":0},"end":{"line":175,"column":4}},"175":{"start":{"line":176,"column":0},"end":{"line":176,"column":2}},"180":{"start":{"line":181,"column":0},"end":{"line":181,"column":32}},"181":{"start":{"line":182,"column":0},"end":{"line":182,"column":3}},"182":{"start":{"line":183,"column":0},"end":{"line":183,"column":32}},"183":{"start":{"line":184,"column":0},"end":{"line":184,"column":73}},"184":{"start":{"line":185,"column":0},"end":{"line":185,"column":27}},"185":{"start":{"line":186,"column":0},"end":{"line":186,"column":41}},"186":{"start":{"line":187,"column":0},"end":{"line":187,"column":33}},"187":{"start":{"line":188,"column":0},"end":{"line":188,"column":33}},"188":{"start":{"line":189,"column":0},"end":{"line":189,"column":7}},"189":{"start":{"line":190,"column":0},"end":{"line":190,"column":4}},"190":{"start":{"line":191,"column":0},"end":{"line":191,"column":3}},"191":{"start":{"line":192,"column":0},"end":{"line":192,"column":35}},"192":{"start":{"line":193,"column":0},"end":{"line":193,"column":74}},"193":{"start":{"line":194,"column":0},"end":{"line":194,"column":27}},"194":{"start":{"line":195,"column":0},"end":{"line":195,"column":41}},"195":{"start":{"line":196,"column":0},"end":{"line":196,"column":33}},"196":{"start":{"line":197,"column":0},"end":{"line":197,"column":49}},"197":{"start":{"line":198,"column":0},"end":{"line":198,"column":7}},"198":{"start":{"line":199,"column":0},"end":{"line":199,"column":4}},"199":{"start":{"line":200,"column":0},"end":{"line":200,"column":2}},"204":{"start":{"line":205,"column":0},"end":{"line":205,"column":26}},"205":{"start":{"line":206,"column":0},"end":{"line":206,"column":34}},"206":{"start":{"line":207,"column":0},"end":{"line":207,"column":32}},"207":{"start":{"line":208,"column":0},"end":{"line":208,"column":28}},"208":{"start":{"line":209,"column":0},"end":{"line":209,"column":28}},"209":{"start":{"line":210,"column":0},"end":{"line":210,"column":14}},"210":{"start":{"line":211,"column":0},"end":{"line":211,"column":22}},"211":{"start":{"line":212,"column":0},"end":{"line":212,"column":11}},"216":{"start":{"line":217,"column":0},"end":{"line":217,"column":33}},"217":{"start":{"line":218,"column":0},"end":{"line":218,"column":23}},"218":{"start":{"line":219,"column":0},"end":{"line":219,"column":22}},"219":{"start":{"line":220,"column":0},"end":{"line":220,"column":20}},"220":{"start":{"line":221,"column":0},"end":{"line":221,"column":20}},"221":{"start":{"line":222,"column":0},"end":{"line":222,"column":13}},"222":{"start":{"line":223,"column":0},"end":{"line":223,"column":17}},"223":{"start":{"line":224,"column":0},"end":{"line":224,"column":2}},"228":{"start":{"line":229,"column":0},"end":{"line":229,"column":62}},"229":{"start":{"line":230,"column":0},"end":{"line":230,"column":18}},"230":{"start":{"line":231,"column":0},"end":{"line":231,"column":14}},"231":{"start":{"line":232,"column":0},"end":{"line":232,"column":36}},"232":{"start":{"line":233,"column":0},"end":{"line":233,"column":14}},"233":{"start":{"line":234,"column":0},"end":{"line":234,"column":35}},"234":{"start":{"line":235,"column":0},"end":{"line":235,"column":15}},"235":{"start":{"line":236,"column":0},"end":{"line":236,"column":33}},"236":{"start":{"line":237,"column":0},"end":{"line":237,"column":21}},"237":{"start":{"line":238,"column":0},"end":{"line":238,"column":33}},"238":{"start":{"line":239,"column":0},"end":{"line":239,"column":14}},"239":{"start":{"line":240,"column":0},"end":{"line":240,"column":26}},"240":{"start":{"line":241,"column":0},"end":{"line":241,"column":12}},"241":{"start":{"line":242,"column":0},"end":{"line":242,"column":16}},"242":{"start":{"line":243,"column":0},"end":{"line":243,"column":3}},"243":{"start":{"line":244,"column":0},"end":{"line":244,"column":1}},"248":{"start":{"line":249,"column":0},"end":{"line":249,"column":45}},"249":{"start":{"line":250,"column":0},"end":{"line":250,"column":38}},"250":{"start":{"line":251,"column":0},"end":{"line":251,"column":1}},"255":{"start":{"line":256,"column":0},"end":{"line":256,"column":67}},"256":{"start":{"line":257,"column":0},"end":{"line":257,"column":48}},"257":{"start":{"line":258,"column":0},"end":{"line":258,"column":1}},"262":{"start":{"line":263,"column":0},"end":{"line":263,"column":78}},"263":{"start":{"line":264,"column":0},"end":{"line":264,"column":40}},"264":{"start":{"line":265,"column":0},"end":{"line":265,"column":14}},"265":{"start":{"line":266,"column":0},"end":{"line":266,"column":17}},"266":{"start":{"line":267,"column":0},"end":{"line":267,"column":3}},"268":{"start":{"line":269,"column":0},"end":{"line":269,"column":7}},"269":{"start":{"line":270,"column":0},"end":{"line":270,"column":34}},"270":{"start":{"line":271,"column":0},"end":{"line":271,"column":16}},"271":{"start":{"line":272,"column":0},"end":{"line":272,"column":11}},"272":{"start":{"line":273,"column":0},"end":{"line":273,"column":17}},"273":{"start":{"line":274,"column":0},"end":{"line":274,"column":3}},"274":{"start":{"line":275,"column":0},"end":{"line":275,"column":1}}},"s":{"0":1,"19":1,"25":1,"31":1,"37":1,"38":1,"39":1,"40":1,"41":1,"42":1,"43":1,"44":1,"45":1,"46":1,"47":1,"48":1,"49":1,"50":1,"51":1,"52":1,"57":1,"58":1,"59":1,"60":1,"61":1,"62":1,"63":1,"64":1,"65":1,"66":1,"67":1,"68":1,"69":1,"70":1,"71":1,"72":1,"73":1,"74":1,"75":1,"76":1,"77":1,"78":1,"79":1,"80":1,"81":1,"82":1,"83":1,"84":1,"85":1,"86":1,"87":1,"88":1,"89":1,"90":1,"91":1,"92":1,"93":1,"98":1,"99":1,"100":1,"101":1,"102":1,"103":1,"104":1,"105":1,"106":1,"107":1,"108":1,"109":1,"110":1,"111":1,"112":1,"113":1,"114":1,"115":1,"116":1,"121":1,"122":1,"123":1,"124":1,"125":1,"126":1,"127":1,"128":1,"129":1,"130":1,"131":1,"132":1,"133":1,"134":1,"135":1,"136":1,"137":1,"138":1,"139":1,"140":1,"141":1,"142":1,"143":1,"144":1,"145":1,"146":1,"151":1,"152":1,"153":1,"154":1,"155":1,"156":1,"157":1,"158":1,"159":1,"160":1,"161":1,"166":1,"167":1,"168":1,"169":1,"170":1,"171":1,"172":1,"173":1,"174":1,"175":1,"180":1,"181":1,"182":1,"183":1,"184":1,"185":1,"186":1,"187":1,"188":1,"189":1,"190":1,"191":1,"192":1,"193":1,"194":1,"195":1,"196":1,"197":1,"198":1,"199":1,"204":1,"205":1,"206":1,"207":1,"208":1,"209":1,"210":1,"211":1,"216":1,"217":1,"218":1,"219":1,"220":1,"221":1,"222":1,"223":1,"228":1,"229":6,"230":6,"231":1,"232":6,"233":1,"234":6,"235":1,"236":6,"237":1,"238":6,"239":1,"240":6,"241":1,"242":6,"243":6,"248":1,"249":2,"250":2,"255":1,"256":28,"257":28,"262":1,"263":10,"264":10,"265":1,"266":1,"268":9,"269":9,"270":9,"271":10,"272":3,"273":3,"274":10},"branchMap":{"0":{"type":"branch","line":229,"loc":{"start":{"line":229,"column":7},"end":{"line":244,"column":1}},"locations":[{"start":{"line":229,"column":7},"end":{"line":244,"column":1}}]},"1":{"type":"branch","line":231,"loc":{"start":{"line":231,"column":4},"end":{"line":232,"column":36}},"locations":[{"start":{"line":231,"column":4},"end":{"line":232,"column":36}}]},"2":{"type":"branch","line":233,"loc":{"start":{"line":233,"column":4},"end":{"line":234,"column":35}},"locations":[{"start":{"line":233,"column":4},"end":{"line":234,"column":35}}]},"3":{"type":"branch","line":235,"loc":{"start":{"line":235,"column":4},"end":{"line":236,"column":33}},"locations":[{"start":{"line":235,"column":4},"end":{"line":236,"column":33}}]},"4":{"type":"branch","line":237,"loc":{"start":{"line":237,"column":4},"end":{"line":238,"column":33}},"locations":[{"start":{"line":237,"column":4},"end":{"line":238,"column":33}}]},"5":{"type":"branch","line":239,"loc":{"start":{"line":239,"column":4},"end":{"line":240,"column":26}},"locations":[{"start":{"line":239,"column":4},"end":{"line":240,"column":26}}]},"6":{"type":"branch","line":241,"loc":{"start":{"line":241,"column":4},"end":{"line":242,"column":16}},"locations":[{"start":{"line":241,"column":4},"end":{"line":242,"column":16}}]},"7":{"type":"branch","line":249,"loc":{"start":{"line":249,"column":7},"end":{"line":251,"column":1}},"locations":[{"start":{"line":249,"column":7},"end":{"line":251,"column":1}}]},"8":{"type":"branch","line":250,"loc":{"start":{"line":250,"column":19},"end":{"line":250,"column":36}},"locations":[{"start":{"line":250,"column":19},"end":{"line":250,"column":36}}]},"9":{"type":"branch","line":256,"loc":{"start":{"line":256,"column":7},"end":{"line":258,"column":1}},"locations":[{"start":{"line":256,"column":7},"end":{"line":258,"column":1}}]},"10":{"type":"branch","line":257,"loc":{"start":{"line":257,"column":20},"end":{"line":257,"column":46}},"locations":[{"start":{"line":257,"column":20},"end":{"line":257,"column":46}}]},"11":{"type":"branch","line":263,"loc":{"start":{"line":263,"column":7},"end":{"line":275,"column":1}},"locations":[{"start":{"line":263,"column":7},"end":{"line":275,"column":1}}]},"12":{"type":"branch","line":265,"loc":{"start":{"line":265,"column":13},"end":{"line":267,"column":3}},"locations":[{"start":{"line":265,"column":13},"end":{"line":267,"column":3}}]},"13":{"type":"branch","line":267,"loc":{"start":{"line":267,"column":2},"end":{"line":272,"column":10}},"locations":[{"start":{"line":267,"column":2},"end":{"line":272,"column":10}}]},"14":{"type":"branch","line":272,"loc":{"start":{"line":272,"column":2},"end":{"line":274,"column":3}},"locations":[{"start":{"line":272,"column":2},"end":{"line":274,"column":3}}]}},"b":{"0":[6],"1":[1],"2":[1],"3":[1],"4":[1],"5":[1],"6":[1],"7":[2],"8":[26],"9":[28],"10":[187],"11":[10],"12":[1],"13":[9],"14":[3]},"fnMap":{"0":{"name":"getToolsByAgent","decl":{"start":{"line":229,"column":7},"end":{"line":244,"column":1}},"loc":{"start":{"line":229,"column":7},"end":{"line":244,"column":1}},"line":229},"1":{"name":"getAllToolNames","decl":{"start":{"line":249,"column":7},"end":{"line":251,"column":1}},"loc":{"start":{"line":249,"column":7},"end":{"line":251,"column":1}},"line":249},"2":{"name":"findToolByName","decl":{"start":{"line":256,"column":7},"end":{"line":258,"column":1}},"loc":{"start":{"line":256,"column":7},"end":{"line":258,"column":1}},"line":256},"3":{"name":"validateToolInput","decl":{"start":{"line":263,"column":7},"end":{"line":275,"column":1}},"loc":{"start":{"line":263,"column":7},"end":{"line":275,"column":1}},"line":263}},"f":{"0":6,"1":2,"2":28,"3":10}}
,"/workspace/vitest.config.ts": {"path":"/workspace/vitest.config.ts","all":true,"statementMap":{"0":{"start":{"line":1,"column":0},"end":{"line":1,"column":45}},"2":{"start":{"line":3,"column":0},"end":{"line":3,"column":29}},"3":{"start":{"line":4,"column":0},"end":{"line":4,"column":9}},"4":{"start":{"line":5,"column":0},"end":{"line":5,"column":46}},"5":{"start":{"line":6,"column":0},"end":{"line":6,"column":61}},"6":{"start":{"line":7,"column":0},"end":{"line":7,"column":24}},"7":{"start":{"line":8,"column":0},"end":{"line":8,"column":18}},"8":{"start":{"line":9,"column":0},"end":{"line":9,"column":27}},"9":{"start":{"line":10,"column":0},"end":{"line":10,"column":15}},"10":{"start":{"line":11,"column":0},"end":{"line":11,"column":21}},"11":{"start":{"line":12,"column":0},"end":{"line":12,"column":41}},"12":{"start":{"line":13,"column":0},"end":{"line":13,"column":16}},"13":{"start":{"line":14,"column":0},"end":{"line":14,"column":26}},"14":{"start":{"line":15,"column":0},"end":{"line":15,"column":18}},"15":{"start":{"line":16,"column":0},"end":{"line":16,"column":18}},"16":{"start":{"line":17,"column":0},"end":{"line":17,"column":23}},"17":{"start":{"line":18,"column":0},"end":{"line":18,"column":23}},"18":{"start":{"line":19,"column":0},"end":{"line":19,"column":20}},"19":{"start":{"line":20,"column":0},"end":{"line":20,"column":21}},"20":{"start":{"line":21,"column":0},"end":{"line":21,"column":8}},"21":{"start":{"line":22,"column":0},"end":{"line":22,"column":19}},"22":{"start":{"line":23,"column":0},"end":{"line":23,"column":17}},"23":{"start":{"line":24,"column":0},"end":{"line":24,"column":23}},"24":{"start":{"line":25,"column":0},"end":{"line":25,"column":24}},"25":{"start":{"line":26,"column":0},"end":{"line":26,"column":20}},"26":{"start":{"line":27,"column":0},"end":{"line":27,"column":24}},"27":{"start":{"line":28,"column":0},"end":{"line":28,"column":9}},"28":{"start":{"line":29,"column":0},"end":{"line":29,"column":7}},"29":{"start":{"line":30,"column":0},"end":{"line":30,"column":5}},"30":{"start":{"line":31,"column":0},"end":{"line":31,"column":3}},"31":{"start":{"line":32,"column":0},"end":{"line":32,"column":3}}},"s":{"0":0,"2":0,"3":0,"4":0,"5":0,"6":0,"7":0,"8":0,"9":0,"10":0,"11":0,"12":0,"13":0,"14":0,"15":0,"16":0,"17":0,"18":0,"19":0,"20":0,"21":0,"22":0,"23":0,"24":0,"25":0,"26":0,"27":0,"28":0,"29":0,"30":0,"31":0},"branchMap":{"0":{"type":"branch","line":1,"loc":{"start":{"line":1,"column":0},"end":{"line":32,"column":-100}},"locations":[{"start":{"line":1,"column":0},"end":{"line":32,"column":-100}}]}},"b":{"0":[0]},"fnMap":{"0":{"name":"(empty-report)","decl":{"start":{"line":1,"column":0},"end":{"line":32,"column":-100}},"loc":{"start":{"line":1,"column":0},"end":{"line":32,"column":-100}},"line":1}},"f":{"0":0}}
,"/workspace/lib/config.ts": {"path":"/workspace/lib/config.ts","all":false,"statementMap":{"0":{"start":{"line":1,"column":0},"end":{"line":1,"column":23}},"2":{"start":{"line":3,"column":0},"end":{"line":3,"column":42}},"3":{"start":{"line":4,"column":0},"end":{"line":4,"column":78}},"4":{"start":{"line":5,"column":0},"end":{"line":5,"column":34}},"5":{"start":{"line":6,"column":0},"end":{"line":6,"column":2}},"7":{"start":{"line":8,"column":0},"end":{"line":8,"column":49}},"8":{"start":{"line":9,"column":0},"end":{"line":9,"column":44}},"9":{"start":{"line":10,"column":0},"end":{"line":10,"column":61}},"10":{"start":{"line":11,"column":0},"end":{"line":11,"column":63}},"11":{"start":{"line":12,"column":0},"end":{"line":12,"column":75}},"13":{"start":{"line":14,"column":0},"end":{"line":14,"column":35}},"14":{"start":{"line":15,"column":0},"end":{"line":15,"column":31}},"15":{"start":{"line":16,"column":0},"end":{"line":16,"column":37}},"16":{"start":{"line":17,"column":0},"end":{"line":17,"column":37}},"17":{"start":{"line":18,"column":0},"end":{"line":18,"column":45}},"18":{"start":{"line":19,"column":0},"end":{"line":19,"column":18}},"19":{"start":{"line":20,"column":0},"end":{"line":20,"column":83}},"20":{"start":{"line":21,"column":0},"end":{"line":21,"column":4}},"21":{"start":{"line":22,"column":0},"end":{"line":22,"column":2}},"23":{"start":{"line":24,"column":0},"end":{"line":24,"column":67}},"24":{"start":{"line":25,"column":0},"end":{"line":25,"column":1}}},"s":{"0":1,"2":1,"3":16,"4":2,"5":2,"7":16,"8":16,"9":16,"10":16,"11":16,"13":16,"14":6,"15":6,"16":6,"17":6,"18":6,"19":6,"20":6,"21":6,"23":8,"24":8},"branchMap":{"0":{"type":"branch","line":3,"loc":{"start":{"line":3,"column":7},"end":{"line":25,"column":1}},"locations":[{"start":{"line":3,"column":7},"end":{"line":25,"column":1}}]},"1":{"type":"branch","line":4,"loc":{"start":{"line":4,"column":17},"end":{"line":4,"column":77}},"locations":[{"start":{"line":4,"column":17},"end":{"line":4,"column":77}}]},"2":{"type":"branch","line":4,"loc":{"start":{"line":4,"column":77},"end":{"line":6,"column":2}},"locations":[{"start":{"line":4,"column":77},"end":{"line":6,"column":2}}]},"3":{"type":"branch","line":6,"loc":{"start":{"line":6,"column":1},"end":{"line":8,"column":37}},"locations":[{"start":{"line":6,"column":1},"end":{"line":8,"column":37}}]},"4":{"type":"branch","line":8,"loc":{"start":{"line":8,"column":26},"end":{"line":8,"column":49}},"locations":[{"start":{"line":8,"column":26},"end":{"line":8,"column":49}}]},"5":{"type":"branch","line":9,"loc":{"start":{"line":9,"column":26},"end":{"line":9,"column":44}},"locations":[{"start":{"line":9,"column":26},"end":{"line":9,"column":44}}]},"6":{"type":"branch","line":10,"loc":{"start":{"line":10,"column":26},"end":{"line":10,"column":61}},"locations":[{"start":{"line":10,"column":26},"end":{"line":10,"column":61}}]},"7":{"type":"branch","line":11,"loc":{"start":{"line":11,"column":26},"end":{"line":11,"column":63}},"locations":[{"start":{"line":11,"column":26},"end":{"line":11,"column":63}}]},"8":{"type":"branch","line":12,"loc":{"start":{"line":12,"column":30},"end":{"line":12,"column":75}},"locations":[{"start":{"line":12,"column":30},"end":{"line":12,"column":75}}]},"9":{"type":"branch","line":14,"loc":{"start":{"line":14,"column":6},"end":{"line":14,"column":23}},"locations":[{"start":{"line":14,"column":6},"end":{"line":14,"column":23}}]},"10":{"type":"branch","line":14,"loc":{"start":{"line":14,"column":15},"end":{"line":14,"column":34}},"locations":[{"start":{"line":14,"column":15},"end":{"line":14,"column":34}}]},"11":{"type":"branch","line":14,"loc":{"start":{"line":14,"column":34},"end":{"line":22,"column":2}},"locations":[{"start":{"line":14,"column":34},"end":{"line":22,"column":2}}]},"12":{"type":"branch","line":16,"loc":{"start":{"line":16,"column":13},"end":{"line":16,"column":37}},"locations":[{"start":{"line":16,"column":13},"end":{"line":16,"column":37}}]},"13":{"type":"branch","line":17,"loc":{"start":{"line":17,"column":13},"end":{"line":17,"column":37}},"locations":[{"start":{"line":17,"column":13},"end":{"line":17,"column":37}}]},"14":{"type":"branch","line":18,"loc":{"start":{"line":18,"column":17},"end":{"line":18,"column":45}},"locations":[{"start":{"line":18,"column":17},"end":{"line":18,"column":45}}]},"15":{"type":"branch","line":22,"loc":{"start":{"line":22,"column":1},"end":{"line":25,"column":1}},"locations":[{"start":{"line":22,"column":1},"end":{"line":25,"column":1}}]}},"b":{"0":[16],"1":[3],"2":[2],"3":[14],"4":[10],"5":[10],"6":[5],"7":[5],"8":[5],"9":[10],"10":[9],"11":[6],"12":[4],"13":[4],"14":[4],"15":[8]},"fnMap":{"0":{"name":"getDatabaseUrl","decl":{"start":{"line":3,"column":7},"end":{"line":25,"column":1}},"loc":{"start":{"line":3,"column":7},"end":{"line":25,"column":1}},"line":3}},"f":{"0":16}}
}
